Unity Editor version:    2022.3.62f3c1 (1623fc0bbb97)
Branch:                  2022.3/china_unity/release
Build type:              Release
Batch mode:              YES
macOS version:           Version 26.1 (Build 25B78)
Darwin version:          25.1.0
Architecture:            arm64
Running under Rosetta:   NO
Available memory:        16384 MB
[Licensing::Module] Trying to connect to existing licensing client channel...
[Licensing::IpcConnector] Successfully connected to: "LicenseClient-dujunjin" at "2026-06-28T14:12:51.442965Z"
[Licensing::Client] Code 10 while verifying Licensing Client signature (process Id: 34432, path: "/Applications/Unity Hub.app/Contents/Frameworks/UnityLicensingClient_V1.app/Contents/MacOS/Unity.Licensing.Client")
[Licensing::Module] LicensingClient has failed validation; ignoring
[Licensing::Client] Error: HandshakeResponse reported an error:
	ResponseCode: 505
	ResponseStatus: Unsupported protocol version '1.16.2'.
[Licensing::Module] Error: Failed to handshake to channel: "LicenseClient-dujunjin"
[Licensing::IpcConnector] LicenseClient-dujunjin channel disconnected successfully.
[Licensing::IpcConnector] Channel LicenseClient-dujunjin-2022.3.62 doesn't exist
Launching external process: /Applications/Unity/Hub/Editor/2022.3.62f3c1/Unity.app/Contents/Frameworks/UnityLicensingClient.app/Contents/MacOS/Unity.Licensing.Client
[Licensing::Module] Successfully launched the LicensingClient (PId: 51074)
[Licensing::IpcConnector] Successfully connected to: "LicenseClient-dujunjin-2022.3.62" at "2026-06-28T14:12:52.590405Z"
[Licensing::Client] Code 1 while verifying Licensing Client signature (process Id: 51074, path: "/Applications/Unity/Hub/Editor/2022.3.62f3c1/Unity.app/Contents/Frameworks/UnityLicensingClient.app/Contents/MacOS/Unity.Licensing.Client")
[Licensing::Module] LicensingClient has failed validation; ignoring
[Licensing::Client] Handshaking with LicensingClient:
  Version:                 1.16.2+bdef8f5
  Session Id:              f511e63bb61b4ddc8432bd0eb024f234
  Correlation Id:          a37ee47a697b8f507c317960b140e3b0
  External correlation Id: 8671706125391090995
  Machine Id:              OkBKDWrDm3srk8eWvzMlbQ4BMFg=
[Licensing::Module] Successfully connected to LicensingClient on channel: "LicenseClient-dujunjin-2022.3.62" (connect: 0.91s, validation: 0.06s, handshake: 0.01s)
[Licensing::IpcConnector] Successfully connected to: "LicenseClient-dujunjin-2022.3.62-notifications" at "2026-06-28T14:12:52.662537Z"
[Licensing::Module] Connected to LicensingClient (PId: 51074, launch time: 0.00, total connection time: 0.99s)
[Licensing::Module] Error: Access token is unavailable; failed to update
[Licensing::Client] Successfully updated license
[Licensing::Client] Successfully resolved entitlement details
[Licensing::Module] Serial number assigned to: "F4-4VKP-MM93-AZCY-VYY5-XXXX"
Pro License: NO
[Licensing::Client] Successfully resolved entitlement details
Launching external process: /Applications/Unity/Hub/Editor/2022.3.62f3c1/Unity.app/Contents/Resources/PackageManager/Server/UnityPackageManager

COMMAND LINE ARGUMENTS:
/Applications/Unity/Hub/Editor/2022.3.62f3c1/Unity.app/Contents/MacOS/Unity
-batchmode
-nographics
-projectPath
/Users/dujunjin/.config/superpowers/worktrees/HappyMatchGame/happy-match-polish
-logFile
/Users/dujunjin/.config/superpowers/worktrees/HappyMatchGame/happy-match-polish/Artifacts/Acceptance/compile.log
-quit
Successfully changed project path to: /Users/dujunjin/.config/superpowers/worktrees/HappyMatchGame/happy-match-polish
/Users/dujunjin/.config/superpowers/worktrees/HappyMatchGame/happy-match-polish
[UnityMemory] Configuration Parameters - Can be set up in boot.config
    "memorysetup-bucket-allocator-granularity=16"
    "memorysetup-bucket-allocator-bucket-count=8"
    "memorysetup-bucket-allocator-block-size=33554432"
    "memorysetup-bucket-allocator-block-count=8"
    "memorysetup-main-allocator-block-size=16777216"
    "memorysetup-thread-allocator-block-size=16777216"
    "memorysetup-gfx-main-allocator-block-size=16777216"
    "memorysetup-gfx-thread-allocator-block-size=16777216"
    "memorysetup-cache-allocator-block-size=4194304"
    "memorysetup-typetree-allocator-block-size=2097152"
    "memorysetup-profiler-bucket-allocator-granularity=16"
    "memorysetup-profiler-bucket-allocator-bucket-count=8"
    "memorysetup-profiler-bucket-allocator-block-size=33554432"
    "memorysetup-profiler-bucket-allocator-block-count=8"
    "memorysetup-profiler-allocator-block-size=16777216"
    "memorysetup-profiler-editor-allocator-block-size=1048576"
    "memorysetup-temp-allocator-size-main=16777216"
    "memorysetup-job-temp-allocator-block-size=2097152"
    "memorysetup-job-temp-allocator-block-size-background=1048576"
    "memorysetup-job-temp-allocator-reduction-small-platforms=262144"
    "memorysetup-allocator-temp-initial-block-size-main=262144"
    "memorysetup-allocator-temp-initial-block-size-worker=262144"
    "memorysetup-temp-allocator-size-background-worker=32768"
    "memorysetup-temp-allocator-size-job-worker=262144"
    "memorysetup-temp-allocator-size-preload-manager=33554432"
    "memorysetup-temp-allocator-size-nav-mesh-worker=65536"
    "memorysetup-temp-allocator-size-audio-worker=65536"
    "memorysetup-temp-allocator-size-cloud-worker=32768"
    "memorysetup-temp-allocator-size-gi-baking-worker=262144"
    "memorysetup-temp-allocator-size-gfx=262144"
Player connection [8753602688]  Target information:

Player connection [8753602688]  * "[IP] 172.25.80.97 [Port] 55504 [Flags] 2 [Guid] 261270875 [EditorId] 261270875 [Version] 1048832 [Id] OSXEditor(0,dujunjindeMacBook-Air.local) [Debug] 1 [PackageName] OSXEditor [ProjectName] Editor"

Player connection [8753602688] Host joined multi-casting on [225.0.0.222:54997]...
Player connection [8753602688] Host joined alternative multi-casting on [225.0.0.222:34997]...
Input System module state changed to: Initialized.
[PhysX] Initialized MultithreadedTaskDispatcher with 10 workers.
[Package Manager] UpmClient::Connect -- Connected to IPC stream "Upm-51034" after 0.3 seconds.
[Package Manager] Restoring resolved packages state from cache
[Licensing::Client] Successfully resolved entitlement details
[Package Manager] Registered 54 packages:
  Packages from [https://packages.unity.cn]:
    com.unity.collab-proxy@2.12.4 (location: /Users/dujunjin/.config/superpowers/worktrees/HappyMatchGame/happy-match-polish/Library/PackageCache/com.unity.collab-proxy@2.12.4)
    com.unity.ide.rider@3.0.36 (location: /Users/dujunjin/.config/superpowers/worktrees/HappyMatchGame/happy-match-polish/Library/PackageCache/com.unity.ide.rider@3.0.36)
    com.unity.ide.visualstudio@2.0.22 (location: /Users/dujunjin/.config/superpowers/worktrees/HappyMatchGame/happy-match-polish/Library/PackageCache/com.unity.ide.visualstudio@2.0.22)
    com.unity.test-framework@1.1.33 (location: /Users/dujunjin/.config/superpowers/worktrees/HappyMatchGame/happy-match-polish/Library/PackageCache/com.unity.test-framework@1.1.33)
    com.unity.textmeshpro@3.0.7 (location: /Users/dujunjin/.config/superpowers/worktrees/HappyMatchGame/happy-match-polish/Library/PackageCache/com.unity.textmeshpro@3.0.7)
    com.unity.timeline@1.7.7 (location: /Users/dujunjin/.config/superpowers/worktrees/HappyMatchGame/happy-match-polish/Library/PackageCache/com.unity.timeline@1.7.7)
    com.unity.visualscripting@1.9.4 (location: /Users/dujunjin/.config/superpowers/worktrees/HappyMatchGame/happy-match-polish/Library/PackageCache/com.unity.visualscripting@1.9.4)
    com.unity.ext.nunit@1.0.6 (location: /Users/dujunjin/.config/superpowers/worktrees/HappyMatchGame/happy-match-polish/Library/PackageCache/com.unity.ext.nunit@1.0.6)
    com.unity.2d.animation@9.2.0 (location: /Users/dujunjin/.config/superpowers/worktrees/HappyMatchGame/happy-match-polish/Library/PackageCache/com.unity.2d.animation@9.2.0)
    com.unity.2d.pixel-perfect@5.1.0 (location: /Users/dujunjin/.config/superpowers/worktrees/HappyMatchGame/happy-match-polish/Library/PackageCache/com.unity.2d.pixel-perfect@5.1.0)
    com.unity.2d.psdimporter@8.1.0 (location: /Users/dujunjin/.config/superpowers/worktrees/HappyMatchGame/happy-match-polish/Library/PackageCache/com.unity.2d.psdimporter@8.1.0)
    com.unity.2d.spriteshape@9.1.0 (location: /Users/dujunjin/.config/superpowers/worktrees/HappyMatchGame/happy-match-polish/Library/PackageCache/com.unity.2d.spriteshape@9.1.0)
    com.unity.2d.tilemap.extras@3.1.3 (location: /Users/dujunjin/.config/superpowers/worktrees/HappyMatchGame/happy-match-polish/Library/PackageCache/com.unity.2d.tilemap.extras@3.1.3)
    com.unity.2d.aseprite@1.1.9 (location: /Users/dujunjin/.config/superpowers/worktrees/HappyMatchGame/happy-match-polish/Library/PackageCache/com.unity.2d.aseprite@1.1.9)
    com.unity.2d.common@8.1.0 (location: /Users/dujunjin/.config/superpowers/worktrees/HappyMatchGame/happy-match-polish/Library/PackageCache/com.unity.2d.common@8.1.0)
    com.unity.mathematics@1.2.6 (location: /Users/dujunjin/.config/superpowers/worktrees/HappyMatchGame/happy-match-polish/Library/PackageCache/com.unity.mathematics@1.2.6)
    com.unity.collections@1.2.4 (location: /Users/dujunjin/.config/superpowers/worktrees/HappyMatchGame/happy-match-polish/Library/PackageCache/com.unity.collections@1.2.4)
    com.unity.burst@1.8.21 (location: /Users/dujunjin/.config/superpowers/worktrees/HappyMatchGame/happy-match-polish/Library/PackageCache/com.unity.burst@1.8.21)
  Built-in packages:
    com.unity.feature.2d@2.0.1 (location: /Users/dujunjin/.config/superpowers/worktrees/HappyMatchGame/happy-match-polish/Library/PackageCache/com.unity.feature.2d@2.0.1)
    com.unity.ugui@1.0.0 (location: /Users/dujunjin/.config/superpowers/worktrees/HappyMatchGame/happy-match-polish/Library/PackageCache/com.unity.ugui@1.0.0)
    com.unity.modules.ai@1.0.0 (location: /Users/dujunjin/.config/superpowers/worktrees/HappyMatchGame/happy-match-polish/Library/PackageCache/com.unity.modules.ai@1.0.0)
    com.unity.modules.androidjni@1.0.0 (location: /Users/dujunjin/.config/superpowers/worktrees/HappyMatchGame/happy-match-polish/Library/PackageCache/com.unity.modules.androidjni@1.0.0)
    com.unity.modules.animation@1.0.0 (location: /Users/dujunjin/.config/superpowers/worktrees/HappyMatchGame/happy-match-polish/Library/PackageCache/com.unity.modules.animation@1.0.0)
    com.unity.modules.assetbundle@1.0.0 (location: /Users/dujunjin/.config/superpowers/worktrees/HappyMatchGame/happy-match-polish/Library/PackageCache/com.unity.modules.assetbundle@1.0.0)
    com.unity.modules.audio@1.0.0 (location: /Users/dujunjin/.config/superpowers/worktrees/HappyMatchGame/happy-match-polish/Library/PackageCache/com.unity.modules.audio@1.0.0)
    com.unity.modules.cloth@1.0.0 (location: /Users/dujunjin/.config/superpowers/worktrees/HappyMatchGame/happy-match-polish/Library/PackageCache/com.unity.modules.cloth@1.0.0)
    com.unity.modules.director@1.0.0 (location: /Users/dujunjin/.config/superpowers/worktrees/HappyMatchGame/happy-match-polish/Library/PackageCache/com.unity.modules.director@1.0.0)
    com.unity.modules.imageconversion@1.0.0 (location: /Users/dujunjin/.config/superpowers/worktrees/HappyMatchGame/happy-match-polish/Library/PackageCache/com.unity.modules.imageconversion@1.0.0)
    com.unity.modules.imgui@1.0.0 (location: /Users/dujunjin/.config/superpowers/worktrees/HappyMatchGame/happy-match-polish/Library/PackageCache/com.unity.modules.imgui@1.0.0)
    com.unity.modules.jsonserialize@1.0.0 (location: /Users/dujunjin/.config/superpowers/worktrees/HappyMatchGame/happy-match-polish/Library/PackageCache/com.unity.modules.jsonserialize@1.0.0)
    com.unity.modules.particlesystem@1.0.0 (location: /Users/dujunjin/.config/superpowers/worktrees/HappyMatchGame/happy-match-polish/Library/PackageCache/com.unity.modules.particlesystem@1.0.0)
    com.unity.modules.physics@1.0.0 (location: /Users/dujunjin/.config/superpowers/worktrees/HappyMatchGame/happy-match-polish/Library/PackageCache/com.unity.modules.physics@1.0.0)
    com.unity.modules.physics2d@1.0.0 (location: /Users/dujunjin/.config/superpowers/worktrees/HappyMatchGame/happy-match-polish/Library/PackageCache/com.unity.modules.physics2d@1.0.0)
    com.unity.modules.screencapture@1.0.0 (location: /Users/dujunjin/.config/superpowers/worktrees/HappyMatchGame/happy-match-polish/Library/PackageCache/com.unity.modules.screencapture@1.0.0)
    com.unity.modules.terrain@1.0.0 (location: /Users/dujunjin/.config/superpowers/worktrees/HappyMatchGame/happy-match-polish/Library/PackageCache/com.unity.modules.terrain@1.0.0)
    com.unity.modules.terrainphysics@1.0.0 (location: /Users/dujunjin/.config/superpowers/worktrees/HappyMatchGame/happy-match-polish/Library/PackageCache/com.unity.modules.terrainphysics@1.0.0)
    com.unity.modules.tilemap@1.0.0 (location: /Users/dujunjin/.config/superpowers/worktrees/HappyMatchGame/happy-match-polish/Library/PackageCache/com.unity.modules.tilemap@1.0.0)
    com.unity.modules.ui@1.0.0 (location: /Users/dujunjin/.config/superpowers/worktrees/HappyMatchGame/happy-match-polish/Library/PackageCache/com.unity.modules.ui@1.0.0)
    com.unity.modules.uielements@1.0.0 (location: /Users/dujunjin/.config/superpowers/worktrees/HappyMatchGame/happy-match-polish/Library/PackageCache/com.unity.modules.uielements@1.0.0)
    com.unity.modules.umbra@1.0.0 (location: /Users/dujunjin/.config/superpowers/worktrees/HappyMatchGame/happy-match-polish/Library/PackageCache/com.unity.modules.umbra@1.0.0)
    com.unity.modules.unityanalytics@1.0.0 (location: /Users/dujunjin/.config/superpowers/worktrees/HappyMatchGame/happy-match-polish/Library/PackageCache/com.unity.modules.unityanalytics@1.0.0)
    com.unity.modules.unitywebrequest@1.0.0 (location: /Users/dujunjin/.config/superpowers/worktrees/HappyMatchGame/happy-match-polish/Library/PackageCache/com.unity.modules.unitywebrequest@1.0.0)
    com.unity.modules.unitywebrequestassetbundle@1.0.0 (location: /Users/dujunjin/.config/superpowers/worktrees/HappyMatchGame/happy-match-polish/Library/PackageCache/com.unity.modules.unitywebrequestassetbundle@1.0.0)
    com.unity.modules.unitywebrequestaudio@1.0.0 (location: /Users/dujunjin/.config/superpowers/worktrees/HappyMatchGame/happy-match-polish/Library/PackageCache/com.unity.modules.unitywebrequestaudio@1.0.0)
    com.unity.modules.unitywebrequesttexture@1.0.0 (location: /Users/dujunjin/.config/superpowers/worktrees/HappyMatchGame/happy-match-polish/Library/PackageCache/com.unity.modules.unitywebrequesttexture@1.0.0)
    com.unity.modules.unitywebrequestwww@1.0.0 (location: /Users/dujunjin/.config/superpowers/worktrees/HappyMatchGame/happy-match-polish/Library/PackageCache/com.unity.modules.unitywebrequestwww@1.0.0)
    com.unity.modules.vehicles@1.0.0 (location: /Users/dujunjin/.config/superpowers/worktrees/HappyMatchGame/happy-match-polish/Library/PackageCache/com.unity.modules.vehicles@1.0.0)
    com.unity.modules.video@1.0.0 (location: /Users/dujunjin/.config/superpowers/worktrees/HappyMatchGame/happy-match-polish/Library/PackageCache/com.unity.modules.video@1.0.0)
    com.unity.modules.vr@1.0.0 (location: /Users/dujunjin/.config/superpowers/worktrees/HappyMatchGame/happy-match-polish/Library/PackageCache/com.unity.modules.vr@1.0.0)
    com.unity.modules.wind@1.0.0 (location: /Users/dujunjin/.config/superpowers/worktrees/HappyMatchGame/happy-match-polish/Library/PackageCache/com.unity.modules.wind@1.0.0)
    com.unity.modules.xr@1.0.0 (location: /Users/dujunjin/.config/superpowers/worktrees/HappyMatchGame/happy-match-polish/Library/PackageCache/com.unity.modules.xr@1.0.0)
    com.unity.modules.subsystems@1.0.0 (location: /Users/dujunjin/.config/superpowers/worktrees/HappyMatchGame/happy-match-polish/Library/PackageCache/com.unity.modules.subsystems@1.0.0)
    com.unity.2d.sprite@1.0.0 (location: /Users/dujunjin/.config/superpowers/worktrees/HappyMatchGame/happy-match-polish/Library/PackageCache/com.unity.2d.sprite@1.0.0)
    com.unity.2d.tilemap@1.0.0 (location: /Users/dujunjin/.config/superpowers/worktrees/HappyMatchGame/happy-match-polish/Library/PackageCache/com.unity.2d.tilemap@1.0.0)
[Subsystems] No new subsystems found in resolved package list.
Package Manager log level set to [2]
[Package Manager] Done registering packages in 0.11 seconds
Refreshing native plugins compatible for Editor in 16.64 ms, found 4 plugins.
Preloading 0 native plugins for Editor in 0.00 ms.
Initialize engine version: 2022.3.62f3c1 (1623fc0bbb97)
[Subsystems] Discovering subsystems at path /Applications/Unity/Hub/Editor/2022.3.62f3c1/Unity.app/Contents/Resources/UnitySubsystems
[Subsystems] Discovering subsystems at path /Users/dujunjin/.config/superpowers/worktrees/HappyMatchGame/happy-match-polish/Assets
Forcing GfxDevice: Null
GfxDevice: creating device client; threaded=0; jobified=0
NullGfxDevice:
    Version:  NULL 1.0 [1.0]
    Renderer: Null Device
    Vendor:   Unity Technologies
[Licensing::Client] Successfully resolved entitlement details
Initialize mono
Mono path[0] = '/Applications/Unity/Hub/Editor/2022.3.62f3c1/Unity.app/Contents/Managed'
Mono path[1] = '/Applications/Unity/Hub/Editor/2022.3.62f3c1/Unity.app/Contents/MonoBleedingEdge/lib/mono/unityjit-macos'
Mono config path = '/Applications/Unity/Hub/Editor/2022.3.62f3c1/Unity.app/Contents/MonoBleedingEdge/etc'
Using monoOptions --debugger-agent=transport=dt_socket,embedding=1,server=y,suspend=n,address=127.0.0.1:56034
Using cacheserver namespaces - metadata:defaultmetadata, artifacts:defaultartifacts
Using cacheserver namespaces - metadata:defaultmetadata, artifacts:defaultartifacts
ImportWorker Server TCP listen port: 0
Begin MonoManager ReloadAssembly
Registering precompiled unity dll's ...
Register platform support module: /Applications/Unity/Hub/Editor/2022.3.62f3c1/Unity.app/Contents/PlaybackEngines/MacStandaloneSupport/UnityEditor.OSXStandalone.Extensions.dll
Registered in 0.001602 seconds.
- Loaded All Assemblies, in  0.163 seconds
Native extension for OSXStandalone target not found
Mono: successfully reloaded assembly
- Finished resetting the current domain, in  0.101 seconds
Domain Reload Profiling: 264ms
	BeginReloadAssembly (64ms)
		ExecutionOrderSort (0ms)
		DisableScriptedObjects (0ms)
		BackupInstance (0ms)
		ReleaseScriptingObjects (0ms)
		CreateAndSetChildDomain (0ms)
	RebuildCommonClasses (14ms)
	RebuildNativeTypeToScriptingClass (5ms)
	initialDomainReloadingComplete (20ms)
	LoadAllAssembliesAndSetupDomain (61ms)
		LoadAssemblies (64ms)
		RebuildTransferFunctionScriptingTraits (0ms)
		AnalyzeDomain (60ms)
			TypeCache.Refresh (59ms)
				TypeCache.ScanAssembly (53ms)
			ScanForSourceGeneratedMonoScriptInfo (0ms)
			ResolveRequiredComponents (0ms)
	FinalizeReload (101ms)
		ReleaseScriptCaches (0ms)
		RebuildScriptCaches (0ms)
		SetupLoadedEditorAssemblies (81ms)
			LogAssemblyErrors (0ms)
			InitializePlatformSupportModulesInManaged (4ms)
			SetLoadedEditorAssemblies (3ms)
			RefreshPlugins (0ms)
			BeforeProcessingInitializeOnLoad (1ms)
			ProcessInitializeOnLoadAttributes (56ms)
			ProcessInitializeOnLoadMethodAttributes (17ms)
			AfterProcessingInitializeOnLoad (0ms)
			EditorAssembliesLoaded (0ms)
		ExecutionOrderSort2 (0ms)
		AwakeInstancesAfterBackupRestoration (0ms)
[Licensing::Client] Successfully resolved entitlement details
Application.AssetDatabase Initial Refresh Start
[40m[32minfo[39m[22m[49m: Microsoft.Hosting.Lifetime[14]
      Now listening on: http://unix:/tmp/ilpp.sock-e866439f82aaebf5451a40faa0f9d928
[40m[32minfo[39m[22m[49m: Microsoft.Hosting.Lifetime[0]
      Application started. Press Ctrl+C to shut down.
[40m[32minfo[39m[22m[49m: Microsoft.Hosting.Lifetime[0]
      Hosting environment: Production
[40m[32minfo[39m[22m[49m: Microsoft.Hosting.Lifetime[0]
      Content root path: /Users/dujunjin/.config/superpowers/worktrees/HappyMatchGame/happy-match-polish/
[40m[32minfo[39m[22m[49m: Microsoft.AspNetCore.Hosting.Diagnostics[1]
      Request starting HTTP/2 POST http://ilpp/UnityILPP.PostProcessing/Ping application/grpc -
[40m[32minfo[39m[22m[49m: Microsoft.AspNetCore.Routing.EndpointMiddleware[0]
      Executing endpoint 'gRPC - /UnityILPP.PostProcessing/Ping'
[40m[32minfo[39m[22m[49m: Microsoft.AspNetCore.Routing.EndpointMiddleware[1]
      Executed endpoint 'gRPC - /UnityILPP.PostProcessing/Ping'
[40m[32minfo[39m[22m[49m: Microsoft.AspNetCore.Hosting.Diagnostics[2]
      Request finished HTTP/2 POST http://ilpp/UnityILPP.PostProcessing/Ping application/grpc - - 200 - application/grpc 18.5472ms
Starting: /Applications/Unity/Hub/Editor/2022.3.62f3c1/Unity.app/Contents/bee_backend --ipc --defer-dag-verification --dagfile="Library/Bee/200b0aE.dag" --continue-on-failure --profile="Library/Bee/backend1.traceevents" ScriptAssemblies
WorkingDir: /Users/dujunjin/.config/superpowers/worktrees/HappyMatchGame/happy-match-polish
DisplayProgressbar: Compiling Scripts
[40m[32minfo[39m[22m[49m: Microsoft.AspNetCore.Hosting.Diagnostics[1]
      Request starting HTTP/2 POST http://ilpp/UnityILPP.PostProcessing/ConfigurePostProcessors application/grpc -
[40m[32minfo[39m[22m[49m: Microsoft.AspNetCore.Routing.EndpointMiddleware[0]
      Executing endpoint 'gRPC - /UnityILPP.PostProcessing/ConfigurePostProcessors'
[40m[1m[33mwarn[39m[22m[49m: Unity.ILPP.Runner.PostProcessingAssemblyLoadContext[0]
      Assembly system.runtime.interopservices.windowsruntime has duplicate hint path. Ignoring "/Applications/Unity/Hub/Editor/2022.3.62f3c1/Unity.app/Contents/UnityReferenceAssemblies/unity-4.8-api/Facades/System.Runtime.InteropServices.WindowsRuntime.dll" in favor of "/Applications/Unity/Hub/Editor/2022.3.62f3c1/Unity.app/Contents/NetStandard/Extensions/2.0.0/System.Runtime.InteropServices.WindowsRuntime.dll"
[40m[1m[33mwarn[39m[22m[49m: Unity.ILPP.Runner.PostProcessingAssemblyLoadContext[0]
      Assembly system.componentmodel.composition has duplicate hint path. Ignoring "/Applications/Unity/Hub/Editor/2022.3.62f3c1/Unity.app/Contents/UnityReferenceAssemblies/unity-4.8-api/System.ComponentModel.Composition.dll" in favor of "/Applications/Unity/Hub/Editor/2022.3.62f3c1/Unity.app/Contents/NetStandard/compat/2.1.0/shims/netfx/System.ComponentModel.Composition.dll"
[40m[32minfo[39m[22m[49m: Unity.ILPP.Runner.PostProcessingAssemblyLoadContext[0]
      Resolved Unity.Burst.Cecil, Version=0.11.4.0, Culture=neutral, PublicKeyToken=50cebf1cceb9d05e with Library/PackageCache/com.unity.burst@1.8.21/Unity.Burst.CodeGen/Unity.Burst.Cecil.dll
[40m[32minfo[39m[22m[49m: Microsoft.AspNetCore.Routing.EndpointMiddleware[1]
      Executed endpoint 'gRPC - /UnityILPP.PostProcessing/ConfigurePostProcessors'
[40m[32minfo[39m[22m[49m: Microsoft.AspNetCore.Hosting.Diagnostics[2]
      Request finished HTTP/2 POST http://ilpp/UnityILPP.PostProcessing/ConfigurePostProcessors application/grpc - - 200 - application/grpc 11.9472ms
ExitCode: 0 Duration: 0s197ms
[473/618    0s] ILPP-Configuration Library/ilpp-configuration.nevergeneratedoutput
*** Tundra build success (0.18 seconds), 1 items updated, 618 evaluated
AssetDatabase: script compilation time: 0.562526s
Total cache size 76205484
Total cache size after purge 76205484
Begin MonoManager ReloadAssembly
- Loaded All Assemblies, in  0.275 seconds
Refreshing native plugins compatible for Editor in 1.43 ms, found 4 plugins.
Preloading 0 native plugins for Editor in 0.00 ms.
Refreshing native plugins compatible for Editor in 1.26 ms, found 4 plugins.
Native extension for OSXStandalone target not found
Mono: successfully reloaded assembly
- Finished resetting the current domain, in  1.120 seconds
Domain Reload Profiling: 1395ms
	BeginReloadAssembly (48ms)
		ExecutionOrderSort (0ms)
		DisableScriptedObjects (2ms)
		BackupInstance (0ms)
		ReleaseScriptingObjects (0ms)
		CreateAndSetChildDomain (10ms)
	RebuildCommonClasses (14ms)
	RebuildNativeTypeToScriptingClass (5ms)
	initialDomainReloadingComplete (10ms)
	LoadAllAssembliesAndSetupDomain (199ms)
		LoadAssemblies (148ms)
		RebuildTransferFunctionScriptingTraits (0ms)
		AnalyzeDomain (74ms)
			TypeCache.Refresh (64ms)
				TypeCache.ScanAssembly (58ms)
			ScanForSourceGeneratedMonoScriptInfo (7ms)
			ResolveRequiredComponents (2ms)
	FinalizeReload (1120ms)
		ReleaseScriptCaches (0ms)
		RebuildScriptCaches (0ms)
		SetupLoadedEditorAssemblies (1048ms)
			LogAssemblyErrors (0ms)
			InitializePlatformSupportModulesInManaged (2ms)
			SetLoadedEditorAssemblies (1ms)
			RefreshPlugins (0ms)
			BeforeProcessingInitializeOnLoad (23ms)
			ProcessInitializeOnLoadAttributes (992ms)
			ProcessInitializeOnLoadMethodAttributes (29ms)
			AfterProcessingInitializeOnLoad (1ms)
			EditorAssembliesLoaded (0ms)
		ExecutionOrderSort2 (0ms)
		AwakeInstancesAfterBackupRestoration (2ms)
Asset Pipeline Refresh (id=f3609cc2609734ca9bbfac497fe8045f): Total: 3.072 seconds - Initiated by InitialRefreshV2(ForceSynchronousImport)
	Summary:
		Imports: total=0 (actual=0, local cache=0, cache server=0)
		Asset DB Process Time: managed=0 ms, native=1007 ms
		Asset DB Callback time: managed=64 ms, native=0 ms
		Scripting: domain reloads=1, domain reload time=1421 ms, compile time=564 ms, other=15 ms
		Project Asset Count: scripts=5356, non-scripts=1506
		Asset File Changes: new=0, changed=0, moved=0, deleted=0
		Scan Filter Count: 1
	InvokeBeforeRefreshCallbacks: 0.126ms
	ApplyChangesToAssetFolders: 0.027ms
	Scan: 215.184ms
	OnSourceAssetsModified: 0.001ms
	GetAllGuidsForCategorization: 0.299ms
	CategorizeAssets: 72.142ms
	ImportOutOfDateAssets: 1138.520ms (565.943ms without children)
		CompileScripts: 563.610ms
		ReloadNativeAssets: 0.000ms
		UnloadImportedAssets: 7.280ms
		EnsureUptoDateAssetsAreRegisteredWithGuidPM: 1.033ms
		InitializingProgressBar: 0.000ms
		PostProcessAllAssetNotificationsAddChangedAssets: 0.000ms
		OnDemandSchedulerStart: 0.653ms
	PostProcessAllAssets: 64.716ms
	GatherAllCurrentPrimaryArtifactRevisions: 0.000ms
	UnloadStreamsBegin: 0.080ms
	PersistCurrentRevisions: 0.147ms
	UnloadStreamsEnd: 0.011ms
	GenerateScriptTypeHashes: 0.453ms
	Untracked: 1580.984ms
Application.AssetDatabase Initial Refresh End
Scanning for USB devices : 0.025ms
Initializing Unity extensions:
[Licensing::Client] Successfully resolved entitlement details
[MODES] ModeService[none].Initialize
[MODES] ModeService[none].LoadModes
[MODES] Loading mode Default (0) for mode-current-id-HappyMatchGame
[PhysX] Initialized MultithreadedTaskDispatcher with 10 workers.
ProgressiveSceneManager::Cancel()
-- Listing OpenCL platforms(s) --
 * OpenCL platform 0
	PROFILE = FULL_PROFILE
	VERSION = OpenCL 1.2 (Oct 11 2025 00:32:14)
	NAME = Apple
	VENDOR = Apple
-- Listing OpenCL device(s) --
 * OpenCL platform 0, device 0
	DEVICE_TYPE = 4
	DEVICE_NAME = Apple M4
	DEVICE_VENDOR = Apple
	DEVICE_VERSION = OpenCL 1.2
	DRIVER_VERSION = 1.2 1.0
	DEVICE_MAX_COMPUTE_UNITS = 8
	DEVICE_MAX_CLOCK_FREQUENCY = 1000
	CL_DEVICE_MAX_CONSTANT_BUFFER_SIZE = 1073741824
	CL_DEVICE_HOST_UNIFIED_MEMORY = true
	CL_DEVICE_MAX_MEM_ALLOC_SIZE = 2383708160
	DEVICE_GLOBAL_MEM_SIZE = 12713115648
-- GPU Progressive lightmapper will use OpenCL device 'Apple M4' from 'Apple'--
   use -OpenCL-PlatformAndDeviceIndices <platformIdx> <deviceIdx> as command line arguments if you want to select a specific adapter for OpenCL.
Unloading 22 Unused Serialized files (Serialized files now loaded: 0)
Unloading 107 unused Assets / (1.1 MB). Loaded Objects now: 4932.
Memory consumption went from 147.6 MB to 146.4 MB.
Total: 2.902750 ms (FindLiveObjects: 0.118375 ms CreateObjectMapping: 0.042334 ms MarkObjects: 2.322000 ms  DeleteObjects: 0.419791 ms)

Batchmode quit successfully invoked - shutting down!
Curl error 42: Callback aborted
Curl error 42: Callback aborted
Thread 0x16d9bb000 may have been prematurely finalized
[PhysX] Initialized MultithreadedTaskDispatcher with 10 workers.
Input System module state changed to: ShutdownInProgress.
Input System polling thread exited.
Input System module state changed to: Shutdown.
[Licensing::IpcConnector] LicenseClient-dujunjin-2022.3.62-notifications channel disconnected successfully.
[Licensing::IpcConnector] LicenseClient-dujunjin-2022.3.62 channel disconnected successfully.
Thread 0x16dc77000 may have been prematurely finalized
[40m[32minfo[39m[22m[49m: Microsoft.Hosting.Lifetime[0]
      Application is shutting down...
Cleanup mono
[40m[32minfo[39m[22m[49m: Unity.ILPP.Runner.PostProcessingAssemblyLoadContext[0]
      ALC ILPP context 1 is unloading
debugger-agent: Unable to listen on 48
[Performance] Application.InitializeProject                                                                                  :        1 samples, Peak.  4.11 s (1.0x), Avg.  4.11 s, Total. 4.109 s (52.4%)
[Performance] Application.PackageManager.StartServer                                                                         :        1 samples, Peak.  1.00 ms (1.0x), Avg.  1.00 ms, Total. 1.002 ms (0.0%)
[Performance] Application.AcquireProjectLock                                                                                 :        1 samples, Peak.  3.20 ms (1.0x), Avg.  3.20 ms, Total. 3.196 ms (0.0%)
[Performance] Application.InitializeEngineNoGraphics                                                                         :        1 samples, Peak.  20.3 ms (1.0x), Avg.  20.3 ms, Total. 20.30 ms (0.3%)
[Performance] Application.PackageManager.Initialize                                                                          :        1 samples, Peak.   320 ms (1.0x), Avg.   320 ms, Total. 320.1 ms (4.1%)
[Performance] Connecting to Package Manager                                                                                  :       33 samples, Peak.  31.1 us (18.6x), Avg.  1.67 us, Total. 55.04 us (0.0%)
[Performance] Application.EngineGraphics.Initialize                                                                          :        1 samples, Peak.  16.6 ms (1.0x), Avg.  16.6 ms, Total. 16.60 ms (0.2%)
[Performance] Application.GI.Initialize                                                                                      :        1 samples, Peak.   377 us (1.0x), Avg.   377 us, Total. 376.6 us (0.0%)
[Performance] Application.LoadAllDefaultResourcesFromEditor                                                                  :        1 samples, Peak.   744 us (1.0x), Avg.   744 us, Total. 743.5 us (0.0%)
[Performance] Application.LoadMonoAssemblies                                                                                 :        1 samples, Peak.   269 ms (1.0x), Avg.   269 ms, Total. 268.7 ms (3.4%)
[Performance] RestoreManagedReferences                                                                                       :        2 samples, Peak.  17.2 ms (2.0x), Avg.  8.61 ms, Total. 17.22 ms (0.2%)
[Performance] InitializeOnLoad DrivenRectTransformUndo                                                                       :        2 samples, Peak.   180 us (1.1x), Avg.   172 us, Total. 343.1 us (0.0%)
[Performance] InitializeOnLoad SceneSearch                                                                                   :        2 samples, Peak.  53.0 us (1.1x), Avg.  47.6 us, Total. 95.17 us (0.0%)
[Performance] InitializeOnLoad CloudBuild                                                                                    :        2 samples, Peak.  1.79 us (1.2x), Avg.  1.48 us, Total. 2.958 us (0.0%)
[Performance] InitializeOnLoad NativeFormatImporterUtility                                                                   :        2 samples, Peak.  1.12 ms (1.2x), Avg.   918 us, Total. 1.837 ms (0.0%)
[Performance] InitializeOnLoad SearchService                                                                                 :        2 samples, Peak.  43.8 us (1.0x), Avg.  41.8 us, Total. 83.50 us (0.0%)
[Performance] InitializeOnLoad SettingsService                                                                               :        2 samples, Peak.  4.46 us (1.3x), Avg.  3.37 us, Total. 6.749 us (0.0%)
[Performance] InitializeOnLoad WindowLayout                                                                                  :        2 samples, Peak.   316 us (1.1x), Avg.   288 us, Total. 575.9 us (0.0%)
[Performance] InitializeOnLoad AssetStoreContext                                                                             :        2 samples, Peak.  10.3 ms (1.1x), Avg.  9.59 ms, Total. 19.18 ms (0.2%)
[Performance] InitializeOnLoad PoolManager                                                                                   :        2 samples, Peak.   225 us (1.0x), Avg.   225 us, Total. 449.5 us (0.0%)
[Performance] InitializeOnLoad MixerEffectDefinitionReloader                                                                 :        2 samples, Peak.   959 us (1.2x), Avg.   792 us, Total. 1.584 ms (0.0%)
[Performance] InitializeOnLoad ProjectSearch                                                                                 :        2 samples, Peak.  28.4 us (1.3x), Avg.  21.9 us, Total. 43.75 us (0.0%)
[Performance] InitializeOnLoad UISystemProfilerRenderService                                                                 :        2 samples, Peak.  4.08 us (1.2x), Avg.  3.27 us, Total. 6.541 us (0.0%)
[Performance] InitializeOnLoad EditMode                                                                                      :        2 samples, Peak.   154 us (1.0x), Avg.   151 us, Total. 302.2 us (0.0%)
[Performance] InitializeOnLoad UnityConnect                                                                                  :        2 samples, Peak.  16.2 us (1.0x), Avg.  16.1 us, Total. 32.17 us (0.0%)
[Performance] InitializeOnLoad ManagedDebugger                                                                               :        2 samples, Peak.   214 us (1.0x), Avg.   209 us, Total. 418.6 us (0.0%)
[Performance] InitializeOnLoad ShortcutIntegration                                                                           :        2 samples, Peak.  25.6 us (1.1x), Avg.  23.5 us, Total. 47.00 us (0.0%)
[Performance] InitializeOnLoad AddComponentWindow                                                                            :        2 samples, Peak.  44.2 us (1.1x), Avg.  41.2 us, Total. 82.46 us (0.0%)
[Performance] InitializeOnLoad ManagedDebuggerWindow                                                                         :        2 samples, Peak.  40.6 us (1.0x), Avg.  40.1 us, Total. 80.13 us (0.0%)
[Performance] InitializeOnLoad CacheServerWindow                                                                             :        2 samples, Peak.  4.58 us (1.3x), Avg.  3.46 us, Total. 6.917 us (0.0%)
[Performance] InitializeOnLoad PlayModeDownload                                                                              :        2 samples, Peak.  2.28 ms (1.9x), Avg.  1.17 ms, Total. 2.350 ms (0.0%)
[Performance] InitializeOnLoad MenuItems                                                                                     :        2 samples, Peak.  33.6 us (1.1x), Avg.  29.9 us, Total. 59.71 us (0.0%)
[Performance] InitializeOnLoad PrefabInstanceChangedListener                                                                 :        2 samples, Peak.  50.3 us (1.0x), Avg.  48.0 us, Total. 95.96 us (0.0%)
[Performance] InitializeOnLoad ObjectSelectorSearch                                                                          :        2 samples, Peak.  37.1 us (1.6x), Avg.  23.7 us, Total. 47.46 us (0.0%)
[Performance] InitializeOnLoad EditorMonitor                                                                                 :        2 samples, Peak.   280 us (1.3x), Avg.   215 us, Total. 430.4 us (0.0%)
[Performance] InitializeOnLoad RetainedMode                                                                                  :        2 samples, Peak.   855 us (1.0x), Avg.   836 us, Total. 1.671 ms (0.0%)
[Performance] InitializeOnLoad EditorShaderLoader                                                                            :        2 samples, Peak.   236 us (1.0x), Avg.   227 us, Total. 454.6 us (0.0%)
[Performance] InitializeOnLoad EditorDelegateRegistration                                                                    :        2 samples, Peak.   220 us (1.1x), Avg.   194 us, Total. 387.7 us (0.0%)
[Performance] InitializeOnLoad UIDocumentHierarchyWatcher                                                                    :        2 samples, Peak.  26.0 us (1.1x), Avg.  24.3 us, Total. 48.67 us (0.0%)
[Performance] InitializeOnLoad LiveReloadTrackerCreator                                                                      :        2 samples, Peak.  78.9 us (1.2x), Avg.  65.6 us, Total. 131.2 us (0.0%)
[Performance] InitializeOnLoad UxmlObjectEditorFactories                                                                     :        2 samples, Peak.   215 us (1.1x), Avg.   188 us, Total. 375.1 us (0.0%)
[Performance] InitializeOnLoad UXMLEditorFactories                                                                           :        2 samples, Peak.  24.5 ms (1.0x), Avg.  23.5 ms, Total. 46.99 ms (0.6%)
[Performance] InitializeOnLoad PurchasingService                                                                             :        2 samples, Peak.  2.92 ms (1.1x), Avg.  2.72 ms, Total. 5.444 ms (0.1%)
[Performance] InitializeOnLoad CloudBuildPoller                                                                              :        2 samples, Peak.  38.0 us (1.0x), Avg.  37.4 us, Total. 74.75 us (0.0%)
[Performance] InitializeOnLoad EditorGameServicesAnalytics                                                                   :        2 samples, Peak.   489 us (1.3x), Avg.   378 us, Total. 756.2 us (0.0%)
[Performance] InitializeOnLoad AnalyticsService                                                                              :        2 samples, Peak.  67.3 us (1.0x), Avg.  66.2 us, Total. 132.5 us (0.0%)
[Performance] InitializeOnLoad BuildService                                                                                  :        2 samples, Peak.  62.2 us (1.1x), Avg.  59.1 us, Total. 118.2 us (0.0%)
[Performance] InitializeOnLoad AdsService                                                                                    :        2 samples, Peak.   139 us (1.0x), Avg.   138 us, Total. 276.8 us (0.0%)
[Performance] InitializeOnLoad UDPService                                                                                    :        2 samples, Peak.  58.1 us (1.0x), Avg.  56.2 us, Total. 112.3 us (0.0%)
[Performance] InitializeOnLoad CrashService                                                                                  :        2 samples, Peak.  56.2 us (1.0x), Avg.  55.7 us, Total. 111.4 us (0.0%)
[Performance] InitializeOnLoad ServicesRepository                                                                            :        2 samples, Peak.   209 ns (1.3x), Avg.   167 ns, Total. 334.0 ns (0.0%)
[Performance] InitializeOnLoad SearchWindow                                                                                  :        2 samples, Peak.  48.5 us (1.1x), Avg.  44.4 us, Total. 88.83 us (0.0%)
[Performance] InitializeOnLoad CustomIndexers                                                                                :        2 samples, Peak.  7.69 ms (1.2x), Avg.  6.59 ms, Total. 13.18 ms (0.2%)
[Performance] InitializeOnLoad SearchMonitor                                                                                 :        2 samples, Peak.   390 us (1.1x), Avg.   349 us, Total. 698.4 us (0.0%)
[Performance] InitializeOnLoad ParameterControllerEditor                                                                     :        2 samples, Peak.  8.50 us (1.1x), Avg.  7.88 us, Total. 15.75 us (0.0%)
[Performance] InitializeOnLoad LayerSettingsWindow                                                                           :        2 samples, Peak.  10.8 us (1.7x), Avg.  6.29 us, Total. 12.58 us (0.0%)
[Performance] InitializeOnLoad PackageManagerHookGUIDConverter.RegisterPackagesEventHandler                                  :        2 samples, Peak.   285 us (1.7x), Avg.   171 us, Total. 342.3 us (0.0%)
[Performance] InitializeOnLoad EditorDragAndDrop.RegisterEditorClient                                                        :        2 samples, Peak.  97.7 us (1.1x), Avg.  85.9 us, Total. 171.8 us (0.0%)
[Performance] InitializeOnLoad EditorEventCallbacks.InitializeFontAssetResourceChangeCallBacks                               :        2 samples, Peak.   444 us (1.0x), Avg.   427 us, Total. 854.2 us (0.0%)
[Performance] InitializeOnLoad SceneTemplateService.Init                                                                     :        2 samples, Peak.   447 us (1.0x), Avg.   446 us, Total. 892.6 us (0.0%)
[Performance] InitializeOnLoad DiagnosticSwitchesConsoleMessage.Init                                                         :        2 samples, Peak.  1.22 ms (1.7x), Avg.   708 us, Total. 1.416 ms (0.0%)
[Performance] InitializeOnLoad MemoryProfilerCompilationGuard.InjectCompileGuard                                             :        2 samples, Peak.  55.1 us (1.3x), Avg.  42.5 us, Total. 84.96 us (0.0%)
[Performance] InitializeOnLoad EditorWindow.Initialize                                                                       :        2 samples, Peak.  92.2 us (1.1x), Avg.  82.3 us, Total. 164.6 us (0.0%)
[Performance] InitializeOnLoad AssetPostprocessingInternal.RefreshCustomDependencies                                         :        2 samples, Peak.  1.19 ms (1.2x), Avg.   985 us, Total. 1.969 ms (0.0%)
[Performance] InitializeOnLoad SysrootManager.Initialize                                                                     :        2 samples, Peak.   212 us (1.2x), Avg.   183 us, Total. 367.0 us (0.0%)
[Performance] InitializeOnLoad PackageManagerWindow.EditorInitializedInSafeMode                                              :        2 samples, Peak.  10.2 ms (2.0x), Avg.  5.13 ms, Total. 10.26 ms (0.1%)
[Performance] InitializeOnLoad ToolShortcutContext.Init                                                                      :        2 samples, Peak.  46.1 us (1.0x), Avg.  43.9 us, Total. 87.88 us (0.0%)
[Performance] InitializeOnLoad SceneVisibilityManager.Initialize                                                             :        2 samples, Peak.  2.38 ms (1.7x), Avg.  1.40 ms, Total. 2.808 ms (0.0%)
[Performance] InitializeOnLoad ScopedRegistryAddedPopup.SubscribeToRegistriesAdded                                           :        2 samples, Peak.  6.24 ms (2.0x), Avg.  3.14 ms, Total. 6.272 ms (0.1%)
[Performance] AssemblyReloadEvents.afterAssemblyReload: UnityEditor.SceneTemplate.SceneTemplateService.AfterAssemblyReload   :        2 samples, Peak.  1.55 ms (1.8x), Avg.   872 us, Total. 1.744 ms (0.0%)
[Performance] ProcessService.EditorAfterLoadAllAssemblies                                                                    :        2 samples, Peak.   156 us (1.2x), Avg.   129 us, Total. 258.6 us (0.0%)
[Performance] Application.ReadLicenseInfo                                                                                    :        1 samples, Peak.  11.0 ms (1.0x), Avg.  11.0 ms, Total. 11.00 ms (0.1%)
[Performance] Application.InitialRefresh                                                                                     :        1 samples, Peak.  3.09 s (1.0x), Avg.  3.09 s, Total. 3.085 s (39.4%)
[Performance] Compiling Scripts                                                                                              :        1 samples, Peak.   563 ms (1.0x), Avg.   563 ms, Total. 562.6 ms (7.2%)
[Performance] AssemblyReloadEvents.beforeAssemblyReload: UnityEditor.SceneTemplate.SceneTemplateService.BeforeAssemblyReload :        1 samples, Peak.   214 us (1.0x), Avg.   214 us, Total. 214.3 us (0.0%)
[Performance] InitializeOnLoad BurstLoader                                                                                   :        1 samples, Peak.   847 ms (1.0x), Avg.   847 ms, Total. 847.2 ms (10.8%)
[Performance] InitializeOnLoad BackgroundWatcher                                                                             :        1 samples, Peak.  59.0 us (1.0x), Avg.  59.0 us, Total. 59.00 us (0.0%)
[Performance] InitializeOnLoad UnityTestProtocolStarter                                                                      :        1 samples, Peak.   120 us (1.0x), Avg.   120 us, Total. 120.3 us (0.0%)
[Performance] InitializeOnLoad TestStarter                                                                                   :        1 samples, Peak.   267 us (1.0x), Avg.   267 us, Total. 267.3 us (0.0%)
[Performance] InitializeOnLoad RerunCallbackInitializer                                                                      :        1 samples, Peak.   947 us (1.0x), Avg.   947 us, Total. 946.7 us (0.0%)
[Performance] InitializeOnLoad EditorToolManager                                                                             :        1 samples, Peak.  1.67 ms (1.0x), Avg.  1.67 ms, Total. 1.672 ms (0.0%)
[Performance] InitializeOnLoad VSUsageUtility                                                                                :        1 samples, Peak.  6.06 ms (1.0x), Avg.  6.06 ms, Total. 6.060 ms (0.1%)
[Performance] InitializeOnLoad VisualStudioEditor                                                                            :        1 samples, Peak.  7.50 ms (1.0x), Avg.  7.50 ms, Total. 7.500 ms (0.1%)
[Performance] InitializeOnLoad TestRunnerApiListener                                                                         :        1 samples, Peak.   311 us (1.0x), Avg.   311 us, Total. 311.5 us (0.0%)
[Performance] InitializeOnLoad VisualStudioIntegration                                                                       :        1 samples, Peak.   856 us (1.0x), Avg.   856 us, Total. 855.7 us (0.0%)
[Performance] InitializeOnLoad PrefabLayoutRebuilder                                                                         :        1 samples, Peak.   118 us (1.0x), Avg.   118 us, Total. 117.8 us (0.0%)
[Performance] InitializeOnLoad SpriteSkinCompositeStartup                                                                    :        1 samples, Peak.  5.00 ms (1.0x), Avg.  5.00 ms, Total. 4.999 ms (0.1%)
[Performance] InitializeOnLoad RiderScriptEditor                                                                             :        1 samples, Peak.  2.97 ms (1.0x), Avg.  2.97 ms, Total. 2.972 ms (0.0%)
[Performance] InitializeOnLoad CallbackInitializer                                                                           :        1 samples, Peak.   449 us (1.0x), Avg.   449 us, Total. 448.7 us (0.0%)
[Performance] InitializeOnLoad SpriteEditorWindow                                                                            :        1 samples, Peak.   185 us (1.0x), Avg.   185 us, Total. 184.7 us (0.0%)
[Performance] InitializeOnLoad PackageEntryPoint                                                                             :        1 samples, Peak.  43.2 ms (1.0x), Avg.  43.2 ms, Total. 43.22 ms (0.6%)
[Performance] InitializeOnLoad UnityInternalsInjector                                                                        :        1 samples, Peak.   477 us (1.0x), Avg.   477 us, Total. 477.2 us (0.0%)
[Performance] InitializeOnLoad UVCSToolbarBoostrap                                                                           :        1 samples, Peak.  25.5 ms (1.0x), Avg.  25.5 ms, Total. 25.46 ms (0.3%)
[Performance] InitializeOnLoad UnityAnalyticsStorage                                                                         :        1 samples, Peak.   198 us (1.0x), Avg.   198 us, Total. 198.2 us (0.0%)
[Performance] InitializeOnLoad BoneGizmoInitializer                                                                          :        1 samples, Peak.  1.22 ms (1.0x), Avg.  1.22 ms, Total. 1.224 ms (0.0%)
[Performance] InitializeOnLoad Analytics                                                                                     :        1 samples, Peak.  85.1 us (1.0x), Avg.  85.1 us, Total. 85.13 us (0.0%)
[Performance] InitializeOnLoad BackgroundImport                                                                              :        1 samples, Peak.  53.2 us (1.0x), Avg.  53.2 us, Total. 53.25 us (0.0%)
[Performance] InitializeOnLoad SceneDragAndDrop                                                                              :        1 samples, Peak.  66.8 us (1.0x), Avg.  66.8 us, Total. 66.75 us (0.0%)
[Performance] InitializeOnLoad SpriteShapeUpdateCache                                                                        :        1 samples, Peak.   206 us (1.0x), Avg.   206 us, Total. 206.0 us (0.0%)
[Performance] InitializeOnLoad SpriteShapeUnityAnalyticsStorage                                                              :        1 samples, Peak.  4.50 us (1.0x), Avg.  4.50 us, Total. 4.500 us (0.0%)
[Performance] InitializeOnLoad IKEditorManager.CreateInstance                                                                :        1 samples, Peak.   692 us (1.0x), Avg.   692 us, Total. 692.1 us (0.0%)
[Performance] InitializeOnLoad $BurstDirectCallInitializer.Initialize                                                        :        7 samples, Peak.  8.89 ms (4.1x), Avg.  2.17 ms, Total. 15.20 ms (0.2%)
[Performance] InitializeOnLoad SceneViewGridManager.Initialize                                                               :        1 samples, Peak.  1.60 ms (1.0x), Avg.  1.60 ms, Total. 1.599 ms (0.0%)
[Performance] InitializeOnLoad TilemapPrefabStageHelper.Initialize                                                           :        1 samples, Peak.   452 us (1.0x), Avg.   452 us, Total. 451.5 us (0.0%)
[Performance] InitializeOnLoad SceneViewOpenTilePaletteHelper.Initialize                                                     :        1 samples, Peak.   284 us (1.0x), Avg.   284 us, Total. 283.6 us (0.0%)
[Performance] InitializeOnLoad TileDragAndDropManager.Initialize                                                             :        1 samples, Peak.   159 us (1.0x), Avg.   159 us, Total. 158.7 us (0.0%)
[Performance] InitializeOnLoad BackgroundImport.Setup                                                                        :        1 samples, Peak.   644 us (1.0x), Avg.   644 us, Total. 643.8 us (0.0%)
[Performance] InitializeOnLoad TestJobDataHolder.ResumeRunningJobs                                                           :        1 samples, Peak.   361 us (1.0x), Avg.   361 us, Total. 360.5 us (0.0%)
[Performance] InitializeOnLoad AnalyticsReporter.RegisterCallbacks                                                           :        1 samples, Peak.  87.4 us (1.0x), Avg.  87.4 us, Total. 87.42 us (0.0%)
[Performance] InitializeOnLoad VisualStudioEditor.LegacyVisualStudioCodePackageDisabler                                      :        1 samples, Peak.   219 us (1.0x), Avg.   219 us, Total. 219.3 us (0.0%)
[Performance] DidReloadScriptsTestRunnerWindow.CompilationCallback                                                           :        1 samples, Peak.   353 us (1.0x), Avg.   353 us, Total. 353.0 us (0.0%)
[Performance] DidReloadScriptsTestListCache.ScriptReloaded                                                                   :        1 samples, Peak.   611 us (1.0x), Avg.   611 us, Total. 610.9 us (0.0%)
[Performance] DidReloadScriptsAdvancedDropdownWindow.OnScriptReload                                                          :        1 samples, Peak.   119 us (1.0x), Avg.   119 us, Total. 119.3 us (0.0%)
[Performance] AssemblyReloadEvents.afterAssemblyReload: UnityEditor.U2D.Animation.BoneGizmo.OnAfterAssemblyReload            :        1 samples, Peak.   417 us (1.0x), Avg.   417 us, Total. 417.5 us (0.0%)
[Performance] SyncVS.PostprocessSyncProject                                                                                  :        1 samples, Peak.  59.0 ms (1.0x), Avg.  59.0 ms, Total. 59.03 ms (0.8%)
[Performance] Application.ImportPackagesAndSetTemplateWhenCreatingProject                                                    :        1 samples, Peak.  9.18 ms (1.0x), Avg.  9.18 ms, Total. 9.182 ms (0.1%)
[Performance] Application.SyncCurrentColorSpace                                                                              :        1 samples, Peak.  2.21 ms (1.0x), Avg.  2.21 ms, Total. 2.210 ms (0.0%)
[Performance] Application.OnUsbDevicesChanged                                                                                :        1 samples, Peak.  51.3 us (1.0x), Avg.  51.3 us, Total. 51.33 us (0.0%)
[Performance] Application.AssetInstanceCacheUpdate                                                                           :        1 samples, Peak.  83.0 ns (1.0x), Avg.  83.0 ns, Total. 83.00 ns (0.0%)
[Performance] Application.UnityExtensions.Initialize                                                                         :        1 samples, Peak.  2.97 ms (1.0x), Avg.  2.97 ms, Total. 2.972 ms (0.0%)
[Performance] CodeEditorProjectSync.SyncEditorProject                                                                        :        1 samples, Peak.  55.2 ms (1.0x), Avg.  55.2 ms, Total. 55.20 ms (0.7%)
[Performance] Application.ExecuteStartups                                                                                    :        1 samples, Peak.  47.4 ms (1.0x), Avg.  47.4 ms, Total. 47.38 ms (0.6%)
[Performance] Menu.RegisterMenuInterface                                                                                     :       26 samples, Peak.  1.63 us (8.3x), Avg.   195 ns, Total. 5.082 us (0.0%)
[Performance] Gizmo.RebuildRenderers                                                                                         :        1 samples, Peak.  46.7 ms (1.0x), Avg.  46.7 ms, Total. 46.72 ms (0.6%)
[Performance] Gizmo.AddGizmoRenderers                                                                                        :       91 samples, Peak.  13.4 ms (81.6x), Avg.   165 us, Total. 14.98 ms (0.2%)
[Performance] Application.editorInitializingProject                                                                          :        1 samples, Peak.  12.3 ms (1.0x), Avg.  12.3 ms, Total. 12.33 ms (0.2%)
[Performance] Application.InitializeMenu                                                                                     :        1 samples, Peak.  41.6 ms (1.0x), Avg.  41.6 ms, Total. 41.58 ms (0.5%)
[Performance] Menu.RebuildAll                                                                                                :        1 samples, Peak.  41.6 ms (1.0x), Avg.  41.6 ms, Total. 41.56 ms (0.5%)
[Performance] Menu.BuildRegisteredMenuInterfaces                                                                             :        1 samples, Peak.  41.3 ms (1.0x), Avg.  41.3 ms, Total. 41.27 ms (0.5%)
[Performance] Menu.FilterMenuItem                                                                                            :      628 samples, Peak.  28.2 ms (624.4x), Avg.  45.2 us, Total. 28.37 ms (0.4%)
[Performance] UpdateAllMenus                                                                                                 :        1 samples, Peak.   259 us (1.0x), Avg.   259 us, Total. 258.8 us (0.0%)
[Performance] EditorSceneManager.sceneClosing: UnityEditor.SceneVisibilityManager.EditorSceneManagerOnSceneClosing           :        1 samples, Peak.   106 us (1.0x), Avg.   106 us, Total. 106.5 us (0.0%)
[Performance] GUIView.RepaintAll.PlayerLoopController                                                                        :        1 samples, Peak.   500 ns (1.0x), Avg.   500 ns, Total. 500.0 ns (0.0%)
[Performance] EditorSceneManager.newSceneCreated: UnityEditor.SceneTemplate.SceneTemplateService.OnNewSceneCreated           :        1 samples, Peak.   116 us (1.0x), Avg.   116 us, Total. 116.2 us (0.0%)
[Performance] EditorSceneManager.newSceneCreated: UnityEditor.SceneVisibilityManager.EditorSceneManagerOnNewSceneCreated     :        1 samples, Peak.  64.7 us (1.0x), Avg.  64.7 us, Total. 64.67 us (0.0%)
[Performance] EditorSceneManager.newSceneCreated: UnityEditor.SceneManagement.StageNavigationManager.OnNewSceneCreated       :        1 samples, Peak.  28.3 us (1.0x), Avg.  28.3 us, Total. 28.33 us (0.0%)
[Performance] Application.InvokeFinishedLoadingProject                                                                       :        1 samples, Peak.  6.50 ms (1.0x), Avg.  6.50 ms, Total. 6.497 ms (0.1%)
[Performance] ProcessService.OnProjectLoaded                                                                                 :        1 samples, Peak.  27.7 us (1.0x), Avg.  27.7 us, Total. 27.67 us (0.0%)
[Performance] VersionControl.Task.Wait                                                                                       :        1 samples, Peak.  4.13 us (1.0x), Avg.  4.13 us, Total. 4.125 us (0.0%)
[Performance] EditorApplication.quitting: Unity.Burst.Editor.BurstLoader.OnEditorApplicationQuitting                         :        1 samples, Peak.  9.54 us (1.0x), Avg.  9.54 us, Total. 9.541 us (0.0%)
[Performance] EditorApplication.quitting: UnityEditor.Tilemaps.SceneViewGridManager.EditorQuitting                           :        1 samples, Peak.  32.5 us (1.0x), Avg.  32.5 us, Total. 32.54 us (0.0%)
[Performance] EditorApplication.quitting: callback in UnityEditor.TextCore.Text.EditorEventCallbacks                         :        1 samples, Peak.  4.55 ms (1.0x), Avg.  4.55 ms, Total. 4.550 ms (0.1%)
[Performance] Application.Shutdown.PauseProfilerSession                                                                      :        1 samples, Peak.  22.5 us (1.0x), Avg.  22.5 us, Total. 22.46 us (0.0%)
[Performance] Application.Shutdown.PauseAssetImportWorkers                                                                   :        1 samples, Peak.  57.8 us (1.0x), Avg.  57.8 us, Total. 57.75 us (0.0%)
[Performance] Application.Shutdown.SaveAssets                                                                                :        1 samples, Peak.  4.09 ms (1.0x), Avg.  4.09 ms, Total. 4.089 ms (0.1%)
[Performance] PaletteAssetModificationProcessor.OnWillSaveAssets                                                             :        1 samples, Peak.   804 us (1.0x), Avg.   804 us, Total. 804.0 us (0.0%)
[Performance] StateMacroSavedEvent.OnWillSaveAssets                                                                          :        1 samples, Peak.  70.4 us (1.0x), Avg.  70.4 us, Total. 70.37 us (0.0%)
[Performance] UnityCloudProjectLinkMonitor.OnWillSaveAssets                                                                  :        1 samples, Peak.   194 us (1.0x), Avg.   194 us, Total. 193.7 us (0.0%)
[Performance] UVCSAssetModificationProcessor.OnWillSaveAssets                                                                :        1 samples, Peak.   112 us (1.0x), Avg.   112 us, Total. 111.7 us (0.0%)
[Performance] FlowMacroSavedEvent.OnWillSaveAssets                                                                           :        1 samples, Peak.  55.9 us (1.0x), Avg.  55.9 us, Total. 55.92 us (0.0%)
[Performance] BuilderAssetModificationProcessor.OnWillSaveAssets                                                             :        1 samples, Peak.   160 us (1.0x), Avg.   160 us, Total. 159.7 us (0.0%)
[Performance] TerrainModificationProcessor.OnWillSaveAssets                                                                  :        1 samples, Peak.   255 us (1.0x), Avg.   255 us, Total. 255.5 us (0.0%)
[Performance] AssetDatabase.ImportAssets                                                                                     :        2 samples, Peak.   375 ns (1.8x), Avg.   208 ns, Total. 416.0 ns (0.0%)
[Performance] Application.Shutdown.CleanupRenderPipeline                                                                     :        1 samples, Peak.  1.92 us (1.0x), Avg.  1.92 us, Total. 1.917 us (0.0%)
[Performance] Application.Shutdown.StopPreloadManager                                                                        :        1 samples, Peak.  12.0 ms (1.0x), Avg.  12.0 ms, Total. 12.05 ms (0.2%)
[Performance] Application.Shutdown.DestroyWorld                                                                              :        1 samples, Peak.   240 us (1.0x), Avg.   240 us, Total. 239.7 us (0.0%)
[Performance] Application.Shutdown.CleanupAfterLoad                                                                          :        1 samples, Peak.  96.4 ms (1.0x), Avg.  96.4 ms, Total. 96.39 ms (1.2%)
[Performance] Application.Shutdown.Progress                                                                                  :        1 samples, Peak.  3.58 us (1.0x), Avg.  3.58 us, Total. 3.584 us (0.0%)
[Performance] Application.Shutdown.GICleanupManagers                                                                         :        1 samples, Peak.   416 us (1.0x), Avg.   416 us, Total. 416.1 us (0.0%)
[Performance] Application.Shutdown.MenuCleanupClass                                                                          :        1 samples, Peak.  45.5 us (1.0x), Avg.  45.5 us, Total. 45.46 us (0.0%)
[Performance] Application.Shutdown.ADBSaveStateBeforeShutdown                                                                :        1 samples, Peak.  4.50 us (1.0x), Avg.  4.50 us, Total. 4.500 us (0.0%)
[Performance] Application.Shutdown.RemoteShutdown                                                                            :        1 samples, Peak.   625 ns (1.0x), Avg.   625 ns, Total. 625.0 ns (0.0%)
[Performance] Application.Shutdown.CleanupVCProvider                                                                         :        1 samples, Peak.  3.25 us (1.0x), Avg.  3.25 us, Total. 3.250 us (0.0%)
[Performance] Application.Shutdown.InputShutdown                                                                             :        1 samples, Peak.  41.2 us (1.0x), Avg.  41.2 us, Total. 41.21 us (0.0%)
[Performance] Application.Shutdown.GizmoManagerDestroy                                                                       :        1 samples, Peak.   341 us (1.0x), Avg.   341 us, Total. 341.3 us (0.0%)
[Performance] Application.Shutdown.ProfilerSession                                                                           :        1 samples, Peak.  64.3 us (1.0x), Avg.  64.3 us, Total. 64.33 us (0.0%)
[Performance] Application.Shutdown.ReleaseGfxWindowOnAllGUIViews                                                             :        1 samples, Peak.   291 ns (1.0x), Avg.   291 ns, Total. 291.0 ns (0.0%)
[Performance] Application.Shutdown.CleanupEngine                                                                             :        1 samples, Peak.  94.3 ms (1.0x), Avg.  94.3 ms, Total. 94.29 ms (1.2%)
[Performance] Application.Shutdown.CleanupAssetDatabase                                                                      :        1 samples, Peak.  2.07 ms (1.0x), Avg.  2.07 ms, Total. 2.068 ms (0.0%)
[Performance] Application.Shutdown.ScriptCompilationCleanUp                                                                  :        1 samples, Peak.  15.9 us (1.0x), Avg.  15.9 us, Total. 15.87 us (0.0%)
[Performance] Application.Shutdown.DestroyJobSystem                                                                          :        1 samples, Peak.   146 us (1.0x), Avg.   146 us, Total. 146.3 us (0.0%)
[Performance] Application.Shutdown.CleanupPersistentManager                                                                  :        1 samples, Peak.   726 us (1.0x), Avg.   726 us, Total. 726.5 us (0.0%)
[Performance] Application.Shutdown.CleanupAsyncReadManager                                                                   :        1 samples, Peak.  50.5 us (1.0x), Avg.  50.5 us, Total. 50.46 us (0.0%)
[Performance] Application.Shutdown.CleanupMono                                                                               :        1 samples, Peak.   216 ms (1.0x), Avg.   216 ms, Total. 215.8 ms (2.8%)
[Performance] Application.Shutdown.CleanupStdConverters                                                                      :        1 samples, Peak.   170 us (1.0x), Avg.   170 us, Total. 169.9 us (0.0%)
[Performance] Application.Shutdown.UnloadAllPlatformSupportModuleNativeDlls                                                  :        1 samples, Peak.   625 ns (1.0x), Avg.   625 ns, Total. 625.0 ns (0.0%)
[Performance] Application.Shutdown.UnloadAllPlatformSupportNativeLibraries                                                   :        1 samples, Peak.   125 ns (1.0x), Avg.   125 ns, Total. 125.0 ns (0.0%)
[Performance] Application.Shutdown.CleanupAutoDocumentation                                                                  :        1 samples, Peak.  73.0 us (1.0x), Avg.  73.0 us, Total. 72.96 us (0.0%)
[Performance] Application.Shutdown.ShaderNameManagerDestroy                                                                  :        1 samples, Peak.  15.8 us (1.0x), Avg.  15.8 us, Total. 15.83 us (0.0%)
[Performance] Application.Shutdown.CleanupCacheServer                                                                        :        1 samples, Peak.   334 ns (1.0x), Avg.   334 ns, Total. 334.0 ns (0.0%)
[Performance] Application.Shutdown.Virtualization_Shutdown                                                                   :        1 samples, Peak.   167 ns (1.0x), Avg.   167 ns, Total. 167.0 ns (0.0%)
[Performance] Application.Shutdown.DevConnections                                                                            :        1 samples, Peak.  53.3 us (1.0x), Avg.  53.3 us, Total. 53.33 us (0.0%)
Exiting batchmode successfully now!
[Package Manager] Server::Kill -- Server was shutdown
