Unity Editor version:    2022.3.62f3c1 (1623fc0bbb97)
Branch:                  2022.3/china_unity/release
Build type:              Release
Batch mode:              YES
macOS version:           Version 26.1 (Build 25B78)
Darwin version:          25.1.0
Architecture:            arm64
Running under Rosetta:   NO
Available memory:        16384 MB
[Licensing::Module] Trying to connect to existing licensing client channel...
[Licensing::IpcConnector] Successfully connected to: "LicenseClient-dujunjin" at "2026-06-28T14:10:26.390997Z"
[Licensing::Client] Code 10 while verifying Licensing Client signature (process Id: 34432, path: "/Applications/Unity Hub.app/Contents/Frameworks/UnityLicensingClient_V1.app/Contents/MacOS/Unity.Licensing.Client")
[Licensing::Module] LicensingClient has failed validation; ignoring
[Licensing::Client] Error: HandshakeResponse reported an error:
	ResponseCode: 505
	ResponseStatus: Unsupported protocol version '1.16.2'.
[Licensing::Module] Error: Failed to handshake to channel: "LicenseClient-dujunjin"
[Licensing::IpcConnector] LicenseClient-dujunjin channel disconnected successfully.
[Licensing::IpcConnector] Channel LicenseClient-dujunjin-2022.3.62 doesn't exist
Launching external process: /Applications/Unity/Hub/Editor/2022.3.62f3c1/Unity.app/Contents/Frameworks/UnityLicensingClient.app/Contents/MacOS/Unity.Licensing.Client
[Licensing::Module] Successfully launched the LicensingClient (PId: 50716)
[Licensing::IpcConnector] Successfully connected to: "LicenseClient-dujunjin-2022.3.62" at "2026-06-28T14:10:27.589553Z"
[Licensing::Client] Code 1 while verifying Licensing Client signature (process Id: 50716, path: "/Applications/Unity/Hub/Editor/2022.3.62f3c1/Unity.app/Contents/Frameworks/UnityLicensingClient.app/Contents/MacOS/Unity.Licensing.Client")
[Licensing::Module] LicensingClient has failed validation; ignoring
[Licensing::Client] Handshaking with LicensingClient:
  Version:                 1.16.2+bdef8f5
  Session Id:              b712c097d8824081a5649bbe62c0c724
  Correlation Id:          fc0752324391a76a99e8b37f02338c5a
  External correlation Id: 3809020138105641134
  Machine Id:              OkBKDWrDm3srk8eWvzMlbQ4BMFg=
[Licensing::Module] Successfully connected to LicensingClient on channel: "LicenseClient-dujunjin-2022.3.62" (connect: 0.92s, validation: 0.06s, handshake: 0.01s)
[Licensing::IpcConnector] Successfully connected to: "LicenseClient-dujunjin-2022.3.62-notifications" at "2026-06-28T14:10:27.667256Z"
[Licensing::Module] Connected to LicensingClient (PId: 50716, launch time: 0.00, total connection time: 1.00s)
[Licensing::Module] Error: Access token is unavailable; failed to update
[Licensing::Client] Successfully updated license
[Licensing::Client] Successfully resolved entitlement details
[Licensing::Module] Serial number assigned to: "F4-4VKP-MM93-AZCY-VYY5-XXXX"
Pro License: NO
[Licensing::Client] Successfully resolved entitlement details
Launching external process: /Applications/Unity/Hub/Editor/2022.3.62f3c1/Unity.app/Contents/Resources/PackageManager/Server/UnityPackageManager

COMMAND LINE ARGUMENTS:
/Applications/Unity/Hub/Editor/2022.3.62f3c1/Unity.app/Contents/MacOS/Unity
-batchmode
-nographics
-projectPath
/Users/dujunjin/.config/superpowers/worktrees/HappyMatchGame/happy-match-polish
-runTests
-testPlatform
EditMode
-testResults
/Users/dujunjin/.config/superpowers/worktrees/HappyMatchGame/happy-match-polish/Artifacts/Acceptance/editmode-results.xml
-logFile
/Users/dujunjin/.config/superpowers/worktrees/HappyMatchGame/happy-match-polish/Artifacts/Acceptance/editmode.log
Successfully changed project path to: /Users/dujunjin/.config/superpowers/worktrees/HappyMatchGame/happy-match-polish
/Users/dujunjin/.config/superpowers/worktrees/HappyMatchGame/happy-match-polish
[UnityMemory] Configuration Parameters - Can be set up in boot.config
    "memorysetup-bucket-allocator-granularity=16"
    "memorysetup-bucket-allocator-bucket-count=8"
    "memorysetup-bucket-allocator-block-size=33554432"
    "memorysetup-bucket-allocator-block-count=8"
    "memorysetup-main-allocator-block-size=16777216"
    "memorysetup-thread-allocator-block-size=16777216"
    "memorysetup-gfx-main-allocator-block-size=16777216"
    "memorysetup-gfx-thread-allocator-block-size=16777216"
    "memorysetup-cache-allocator-block-size=4194304"
    "memorysetup-typetree-allocator-block-size=2097152"
    "memorysetup-profiler-bucket-allocator-granularity=16"
    "memorysetup-profiler-bucket-allocator-bucket-count=8"
    "memorysetup-profiler-bucket-allocator-block-size=33554432"
    "memorysetup-profiler-bucket-allocator-block-count=8"
    "memorysetup-profiler-allocator-block-size=16777216"
    "memorysetup-profiler-editor-allocator-block-size=1048576"
    "memorysetup-temp-allocator-size-main=16777216"
    "memorysetup-job-temp-allocator-block-size=2097152"
    "memorysetup-job-temp-allocator-block-size-background=1048576"
    "memorysetup-job-temp-allocator-reduction-small-platforms=262144"
    "memorysetup-allocator-temp-initial-block-size-main=262144"
    "memorysetup-allocator-temp-initial-block-size-worker=262144"
    "memorysetup-temp-allocator-size-background-worker=32768"
    "memorysetup-temp-allocator-size-job-worker=262144"
    "memorysetup-temp-allocator-size-preload-manager=33554432"
    "memorysetup-temp-allocator-size-nav-mesh-worker=65536"
    "memorysetup-temp-allocator-size-audio-worker=65536"
    "memorysetup-temp-allocator-size-cloud-worker=32768"
    "memorysetup-temp-allocator-size-gi-baking-worker=262144"
    "memorysetup-temp-allocator-size-gfx=262144"
Player connection [8753602688]  Target information:

Player connection [8753602688]  * "[IP] 172.25.80.97 [Port] 55504 [Flags] 2 [Guid] 1346844512 [EditorId] 1346844512 [Version] 1048832 [Id] OSXEditor(0,dujunjindeMacBook-Air.local) [Debug] 1 [PackageName] OSXEditor [ProjectName] Editor"

Player connection [8753602688] Host joined multi-casting on [225.0.0.222:54997]...
Player connection [8753602688] Host joined alternative multi-casting on [225.0.0.222:34997]...
Input System module state changed to: Initialized.
[PhysX] Initialized MultithreadedTaskDispatcher with 10 workers.
[Package Manager] UpmClient::Connect -- Connected to IPC stream "Upm-50667" after 0.5 seconds.
[Package Manager] Restoring resolved packages state from cache
[Licensing::Client] Successfully resolved entitlement details
[Package Manager] Registered 54 packages:
  Packages from [https://packages.unity.cn]:
    com.unity.collab-proxy@2.12.4 (location: /Users/dujunjin/.config/superpowers/worktrees/HappyMatchGame/happy-match-polish/Library/PackageCache/com.unity.collab-proxy@2.12.4)
    com.unity.ide.rider@3.0.36 (location: /Users/dujunjin/.config/superpowers/worktrees/HappyMatchGame/happy-match-polish/Library/PackageCache/com.unity.ide.rider@3.0.36)
    com.unity.ide.visualstudio@2.0.22 (location: /Users/dujunjin/.config/superpowers/worktrees/HappyMatchGame/happy-match-polish/Library/PackageCache/com.unity.ide.visualstudio@2.0.22)
    com.unity.test-framework@1.1.33 (location: /Users/dujunjin/.config/superpowers/worktrees/HappyMatchGame/happy-match-polish/Library/PackageCache/com.unity.test-framework@1.1.33)
    com.unity.textmeshpro@3.0.7 (location: /Users/dujunjin/.config/superpowers/worktrees/HappyMatchGame/happy-match-polish/Library/PackageCache/com.unity.textmeshpro@3.0.7)
    com.unity.timeline@1.7.7 (location: /Users/dujunjin/.config/superpowers/worktrees/HappyMatchGame/happy-match-polish/Library/PackageCache/com.unity.timeline@1.7.7)
    com.unity.visualscripting@1.9.4 (location: /Users/dujunjin/.config/superpowers/worktrees/HappyMatchGame/happy-match-polish/Library/PackageCache/com.unity.visualscripting@1.9.4)
    com.unity.ext.nunit@1.0.6 (location: /Users/dujunjin/.config/superpowers/worktrees/HappyMatchGame/happy-match-polish/Library/PackageCache/com.unity.ext.nunit@1.0.6)
    com.unity.2d.animation@9.2.0 (location: /Users/dujunjin/.config/superpowers/worktrees/HappyMatchGame/happy-match-polish/Library/PackageCache/com.unity.2d.animation@9.2.0)
    com.unity.2d.pixel-perfect@5.1.0 (location: /Users/dujunjin/.config/superpowers/worktrees/HappyMatchGame/happy-match-polish/Library/PackageCache/com.unity.2d.pixel-perfect@5.1.0)
    com.unity.2d.psdimporter@8.1.0 (location: /Users/dujunjin/.config/superpowers/worktrees/HappyMatchGame/happy-match-polish/Library/PackageCache/com.unity.2d.psdimporter@8.1.0)
    com.unity.2d.spriteshape@9.1.0 (location: /Users/dujunjin/.config/superpowers/worktrees/HappyMatchGame/happy-match-polish/Library/PackageCache/com.unity.2d.spriteshape@9.1.0)
    com.unity.2d.tilemap.extras@3.1.3 (location: /Users/dujunjin/.config/superpowers/worktrees/HappyMatchGame/happy-match-polish/Library/PackageCache/com.unity.2d.tilemap.extras@3.1.3)
    com.unity.2d.aseprite@1.1.9 (location: /Users/dujunjin/.config/superpowers/worktrees/HappyMatchGame/happy-match-polish/Library/PackageCache/com.unity.2d.aseprite@1.1.9)
    com.unity.2d.common@8.1.0 (location: /Users/dujunjin/.config/superpowers/worktrees/HappyMatchGame/happy-match-polish/Library/PackageCache/com.unity.2d.common@8.1.0)
    com.unity.mathematics@1.2.6 (location: /Users/dujunjin/.config/superpowers/worktrees/HappyMatchGame/happy-match-polish/Library/PackageCache/com.unity.mathematics@1.2.6)
    com.unity.collections@1.2.4 (location: /Users/dujunjin/.config/superpowers/worktrees/HappyMatchGame/happy-match-polish/Library/PackageCache/com.unity.collections@1.2.4)
    com.unity.burst@1.8.21 (location: /Users/dujunjin/.config/superpowers/worktrees/HappyMatchGame/happy-match-polish/Library/PackageCache/com.unity.burst@1.8.21)
  Built-in packages:
    com.unity.feature.2d@2.0.1 (location: /Users/dujunjin/.config/superpowers/worktrees/HappyMatchGame/happy-match-polish/Library/PackageCache/com.unity.feature.2d@2.0.1)
    com.unity.ugui@1.0.0 (location: /Users/dujunjin/.config/superpowers/worktrees/HappyMatchGame/happy-match-polish/Library/PackageCache/com.unity.ugui@1.0.0)
    com.unity.modules.ai@1.0.0 (location: /Users/dujunjin/.config/superpowers/worktrees/HappyMatchGame/happy-match-polish/Library/PackageCache/com.unity.modules.ai@1.0.0)
    com.unity.modules.androidjni@1.0.0 (location: /Users/dujunjin/.config/superpowers/worktrees/HappyMatchGame/happy-match-polish/Library/PackageCache/com.unity.modules.androidjni@1.0.0)
    com.unity.modules.animation@1.0.0 (location: /Users/dujunjin/.config/superpowers/worktrees/HappyMatchGame/happy-match-polish/Library/PackageCache/com.unity.modules.animation@1.0.0)
    com.unity.modules.assetbundle@1.0.0 (location: /Users/dujunjin/.config/superpowers/worktrees/HappyMatchGame/happy-match-polish/Library/PackageCache/com.unity.modules.assetbundle@1.0.0)
    com.unity.modules.audio@1.0.0 (location: /Users/dujunjin/.config/superpowers/worktrees/HappyMatchGame/happy-match-polish/Library/PackageCache/com.unity.modules.audio@1.0.0)
    com.unity.modules.cloth@1.0.0 (location: /Users/dujunjin/.config/superpowers/worktrees/HappyMatchGame/happy-match-polish/Library/PackageCache/com.unity.modules.cloth@1.0.0)
    com.unity.modules.director@1.0.0 (location: /Users/dujunjin/.config/superpowers/worktrees/HappyMatchGame/happy-match-polish/Library/PackageCache/com.unity.modules.director@1.0.0)
    com.unity.modules.imageconversion@1.0.0 (location: /Users/dujunjin/.config/superpowers/worktrees/HappyMatchGame/happy-match-polish/Library/PackageCache/com.unity.modules.imageconversion@1.0.0)
    com.unity.modules.imgui@1.0.0 (location: /Users/dujunjin/.config/superpowers/worktrees/HappyMatchGame/happy-match-polish/Library/PackageCache/com.unity.modules.imgui@1.0.0)
    com.unity.modules.jsonserialize@1.0.0 (location: /Users/dujunjin/.config/superpowers/worktrees/HappyMatchGame/happy-match-polish/Library/PackageCache/com.unity.modules.jsonserialize@1.0.0)
    com.unity.modules.particlesystem@1.0.0 (location: /Users/dujunjin/.config/superpowers/worktrees/HappyMatchGame/happy-match-polish/Library/PackageCache/com.unity.modules.particlesystem@1.0.0)
    com.unity.modules.physics@1.0.0 (location: /Users/dujunjin/.config/superpowers/worktrees/HappyMatchGame/happy-match-polish/Library/PackageCache/com.unity.modules.physics@1.0.0)
    com.unity.modules.physics2d@1.0.0 (location: /Users/dujunjin/.config/superpowers/worktrees/HappyMatchGame/happy-match-polish/Library/PackageCache/com.unity.modules.physics2d@1.0.0)
    com.unity.modules.screencapture@1.0.0 (location: /Users/dujunjin/.config/superpowers/worktrees/HappyMatchGame/happy-match-polish/Library/PackageCache/com.unity.modules.screencapture@1.0.0)
    com.unity.modules.terrain@1.0.0 (location: /Users/dujunjin/.config/superpowers/worktrees/HappyMatchGame/happy-match-polish/Library/PackageCache/com.unity.modules.terrain@1.0.0)
    com.unity.modules.terrainphysics@1.0.0 (location: /Users/dujunjin/.config/superpowers/worktrees/HappyMatchGame/happy-match-polish/Library/PackageCache/com.unity.modules.terrainphysics@1.0.0)
    com.unity.modules.tilemap@1.0.0 (location: /Users/dujunjin/.config/superpowers/worktrees/HappyMatchGame/happy-match-polish/Library/PackageCache/com.unity.modules.tilemap@1.0.0)
    com.unity.modules.ui@1.0.0 (location: /Users/dujunjin/.config/superpowers/worktrees/HappyMatchGame/happy-match-polish/Library/PackageCache/com.unity.modules.ui@1.0.0)
    com.unity.modules.uielements@1.0.0 (location: /Users/dujunjin/.config/superpowers/worktrees/HappyMatchGame/happy-match-polish/Library/PackageCache/com.unity.modules.uielements@1.0.0)
    com.unity.modules.umbra@1.0.0 (location: /Users/dujunjin/.config/superpowers/worktrees/HappyMatchGame/happy-match-polish/Library/PackageCache/com.unity.modules.umbra@1.0.0)
    com.unity.modules.unityanalytics@1.0.0 (location: /Users/dujunjin/.config/superpowers/worktrees/HappyMatchGame/happy-match-polish/Library/PackageCache/com.unity.modules.unityanalytics@1.0.0)
    com.unity.modules.unitywebrequest@1.0.0 (location: /Users/dujunjin/.config/superpowers/worktrees/HappyMatchGame/happy-match-polish/Library/PackageCache/com.unity.modules.unitywebrequest@1.0.0)
    com.unity.modules.unitywebrequestassetbundle@1.0.0 (location: /Users/dujunjin/.config/superpowers/worktrees/HappyMatchGame/happy-match-polish/Library/PackageCache/com.unity.modules.unitywebrequestassetbundle@1.0.0)
    com.unity.modules.unitywebrequestaudio@1.0.0 (location: /Users/dujunjin/.config/superpowers/worktrees/HappyMatchGame/happy-match-polish/Library/PackageCache/com.unity.modules.unitywebrequestaudio@1.0.0)
    com.unity.modules.unitywebrequesttexture@1.0.0 (location: /Users/dujunjin/.config/superpowers/worktrees/HappyMatchGame/happy-match-polish/Library/PackageCache/com.unity.modules.unitywebrequesttexture@1.0.0)
    com.unity.modules.unitywebrequestwww@1.0.0 (location: /Users/dujunjin/.config/superpowers/worktrees/HappyMatchGame/happy-match-polish/Library/PackageCache/com.unity.modules.unitywebrequestwww@1.0.0)
    com.unity.modules.vehicles@1.0.0 (location: /Users/dujunjin/.config/superpowers/worktrees/HappyMatchGame/happy-match-polish/Library/PackageCache/com.unity.modules.vehicles@1.0.0)
    com.unity.modules.video@1.0.0 (location: /Users/dujunjin/.config/superpowers/worktrees/HappyMatchGame/happy-match-polish/Library/PackageCache/com.unity.modules.video@1.0.0)
    com.unity.modules.vr@1.0.0 (location: /Users/dujunjin/.config/superpowers/worktrees/HappyMatchGame/happy-match-polish/Library/PackageCache/com.unity.modules.vr@1.0.0)
    com.unity.modules.wind@1.0.0 (location: /Users/dujunjin/.config/superpowers/worktrees/HappyMatchGame/happy-match-polish/Library/PackageCache/com.unity.modules.wind@1.0.0)
    com.unity.modules.xr@1.0.0 (location: /Users/dujunjin/.config/superpowers/worktrees/HappyMatchGame/happy-match-polish/Library/PackageCache/com.unity.modules.xr@1.0.0)
    com.unity.modules.subsystems@1.0.0 (location: /Users/dujunjin/.config/superpowers/worktrees/HappyMatchGame/happy-match-polish/Library/PackageCache/com.unity.modules.subsystems@1.0.0)
    com.unity.2d.sprite@1.0.0 (location: /Users/dujunjin/.config/superpowers/worktrees/HappyMatchGame/happy-match-polish/Library/PackageCache/com.unity.2d.sprite@1.0.0)
    com.unity.2d.tilemap@1.0.0 (location: /Users/dujunjin/.config/superpowers/worktrees/HappyMatchGame/happy-match-polish/Library/PackageCache/com.unity.2d.tilemap@1.0.0)
[Subsystems] No new subsystems found in resolved package list.
Package Manager log level set to [2]
[Package Manager] Done registering packages in 0.11 seconds
Refreshing native plugins compatible for Editor in 19.22 ms, found 4 plugins.
Preloading 0 native plugins for Editor in 0.00 ms.
Initialize engine version: 2022.3.62f3c1 (1623fc0bbb97)
[Subsystems] Discovering subsystems at path /Applications/Unity/Hub/Editor/2022.3.62f3c1/Unity.app/Contents/Resources/UnitySubsystems
[Subsystems] Discovering subsystems at path /Users/dujunjin/.config/superpowers/worktrees/HappyMatchGame/happy-match-polish/Assets
Forcing GfxDevice: Null
GfxDevice: creating device client; threaded=0; jobified=0
NullGfxDevice:
    Version:  NULL 1.0 [1.0]
    Renderer: Null Device
    Vendor:   Unity Technologies
[Licensing::Client] Successfully resolved entitlement details
Initialize mono
Mono path[0] = '/Applications/Unity/Hub/Editor/2022.3.62f3c1/Unity.app/Contents/Managed'
Mono path[1] = '/Applications/Unity/Hub/Editor/2022.3.62f3c1/Unity.app/Contents/MonoBleedingEdge/lib/mono/unityjit-macos'
Mono config path = '/Applications/Unity/Hub/Editor/2022.3.62f3c1/Unity.app/Contents/MonoBleedingEdge/etc'
Using monoOptions --debugger-agent=transport=dt_socket,embedding=1,server=y,suspend=n,address=127.0.0.1:56667
Using cacheserver namespaces - metadata:defaultmetadata, artifacts:defaultartifacts
Using cacheserver namespaces - metadata:defaultmetadata, artifacts:defaultartifacts
ImportWorker Server TCP listen port: 0
Begin MonoManager ReloadAssembly
Registering precompiled unity dll's ...
Register platform support module: /Applications/Unity/Hub/Editor/2022.3.62f3c1/Unity.app/Contents/PlaybackEngines/MacStandaloneSupport/UnityEditor.OSXStandalone.Extensions.dll
Registered in 0.001489 seconds.
- Loaded All Assemblies, in  0.186 seconds
Native extension for OSXStandalone target not found
Mono: successfully reloaded assembly
- Finished resetting the current domain, in  0.107 seconds
Domain Reload Profiling: 293ms
	BeginReloadAssembly (71ms)
		ExecutionOrderSort (0ms)
		DisableScriptedObjects (0ms)
		BackupInstance (0ms)
		ReleaseScriptingObjects (0ms)
		CreateAndSetChildDomain (0ms)
	RebuildCommonClasses (20ms)
	RebuildNativeTypeToScriptingClass (5ms)
	initialDomainReloadingComplete (21ms)
	LoadAllAssembliesAndSetupDomain (69ms)
		LoadAssemblies (71ms)
		RebuildTransferFunctionScriptingTraits (0ms)
		AnalyzeDomain (67ms)
			TypeCache.Refresh (66ms)
				TypeCache.ScanAssembly (57ms)
			ScanForSourceGeneratedMonoScriptInfo (0ms)
			ResolveRequiredComponents (1ms)
	FinalizeReload (107ms)
		ReleaseScriptCaches (0ms)
		RebuildScriptCaches (0ms)
		SetupLoadedEditorAssemblies (88ms)
			LogAssemblyErrors (0ms)
			InitializePlatformSupportModulesInManaged (5ms)
			SetLoadedEditorAssemblies (3ms)
			RefreshPlugins (0ms)
			BeforeProcessingInitializeOnLoad (1ms)
			ProcessInitializeOnLoadAttributes (60ms)
			ProcessInitializeOnLoadMethodAttributes (19ms)
			AfterProcessingInitializeOnLoad (0ms)
			EditorAssembliesLoaded (0ms)
		ExecutionOrderSort2 (0ms)
		AwakeInstancesAfterBackupRestoration (0ms)
[Licensing::Client] Successfully resolved entitlement details
Application.AssetDatabase Initial Refresh Start
[40m[32minfo[39m[22m[49m: Microsoft.Hosting.Lifetime[14]
      Now listening on: http://unix:/tmp/ilpp.sock-e866439f82aaebf5451a40faa0f9d928
[40m[32minfo[39m[22m[49m: Microsoft.Hosting.Lifetime[0]
      Application started. Press Ctrl+C to shut down.
[40m[32minfo[39m[22m[49m: Microsoft.Hosting.Lifetime[0]
      Hosting environment: Production
[40m[32minfo[39m[22m[49m: Microsoft.Hosting.Lifetime[0]
      Content root path: /Users/dujunjin/.config/superpowers/worktrees/HappyMatchGame/happy-match-polish/
[40m[32minfo[39m[22m[49m: Microsoft.AspNetCore.Hosting.Diagnostics[1]
      Request starting HTTP/2 POST http://ilpp/UnityILPP.PostProcessing/Ping application/grpc -
[40m[32minfo[39m[22m[49m: Microsoft.AspNetCore.Routing.EndpointMiddleware[0]
      Executing endpoint 'gRPC - /UnityILPP.PostProcessing/Ping'
[40m[32minfo[39m[22m[49m: Microsoft.AspNetCore.Routing.EndpointMiddleware[1]
      Executed endpoint 'gRPC - /UnityILPP.PostProcessing/Ping'
[40m[32minfo[39m[22m[49m: Microsoft.AspNetCore.Hosting.Diagnostics[2]
      Request finished HTTP/2 POST http://ilpp/UnityILPP.PostProcessing/Ping application/grpc - - 200 - application/grpc 34.0945ms
Starting: /Applications/Unity/Hub/Editor/2022.3.62f3c1/Unity.app/Contents/bee_backend --ipc --defer-dag-verification --dagfile="Library/Bee/200b0aE.dag" --continue-on-failure --profile="Library/Bee/backend1.traceevents" ScriptAssemblies
WorkingDir: /Users/dujunjin/.config/superpowers/worktrees/HappyMatchGame/happy-match-polish
DisplayProgressbar: Compiling Scripts
[40m[32minfo[39m[22m[49m: Microsoft.AspNetCore.Hosting.Diagnostics[1]
      Request starting HTTP/2 POST http://ilpp/UnityILPP.PostProcessing/ConfigurePostProcessors application/grpc -
[40m[32minfo[39m[22m[49m: Microsoft.AspNetCore.Routing.EndpointMiddleware[0]
      Executing endpoint 'gRPC - /UnityILPP.PostProcessing/ConfigurePostProcessors'
[40m[1m[33mwarn[39m[22m[49m: Unity.ILPP.Runner.PostProcessingAssemblyLoadContext[0]
      Assembly system.runtime.interopservices.windowsruntime has duplicate hint path. Ignoring "/Applications/Unity/Hub/Editor/2022.3.62f3c1/Unity.app/Contents/UnityReferenceAssemblies/unity-4.8-api/Facades/System.Runtime.InteropServices.WindowsRuntime.dll" in favor of "/Applications/Unity/Hub/Editor/2022.3.62f3c1/Unity.app/Contents/NetStandard/Extensions/2.0.0/System.Runtime.InteropServices.WindowsRuntime.dll"
[40m[1m[33mwarn[39m[22m[49m: Unity.ILPP.Runner.PostProcessingAssemblyLoadContext[0]
      Assembly system.componentmodel.composition has duplicate hint path. Ignoring "/Applications/Unity/Hub/Editor/2022.3.62f3c1/Unity.app/Contents/UnityReferenceAssemblies/unity-4.8-api/System.ComponentModel.Composition.dll" in favor of "/Applications/Unity/Hub/Editor/2022.3.62f3c1/Unity.app/Contents/NetStandard/compat/2.1.0/shims/netfx/System.ComponentModel.Composition.dll"
[40m[32minfo[39m[22m[49m: Unity.ILPP.Runner.PostProcessingAssemblyLoadContext[0]
      Resolved Unity.Burst.Cecil, Version=0.11.4.0, Culture=neutral, PublicKeyToken=50cebf1cceb9d05e with Library/PackageCache/com.unity.burst@1.8.21/Unity.Burst.CodeGen/Unity.Burst.Cecil.dll
[40m[32minfo[39m[22m[49m: Microsoft.AspNetCore.Routing.EndpointMiddleware[1]
      Executed endpoint 'gRPC - /UnityILPP.PostProcessing/ConfigurePostProcessors'
[40m[32minfo[39m[22m[49m: Microsoft.AspNetCore.Hosting.Diagnostics[2]
      Request finished HTTP/2 POST http://ilpp/UnityILPP.PostProcessing/ConfigurePostProcessors application/grpc - - 200 - application/grpc 16.7583ms
ExitCode: 0 Duration: 0s205ms
[473/618    0s] ILPP-Configuration Library/ilpp-configuration.nevergeneratedoutput
*** Tundra build success (0.19 seconds), 1 items updated, 618 evaluated
AssetDatabase: script compilation time: 0.702283s
Total cache size 76205484
Total cache size after purge 76205484
Begin MonoManager ReloadAssembly
- Loaded All Assemblies, in  0.289 seconds
Refreshing native plugins compatible for Editor in 1.28 ms, found 4 plugins.
Preloading 0 native plugins for Editor in 0.00 ms.
Refreshing native plugins compatible for Editor in 1.30 ms, found 4 plugins.
Native extension for OSXStandalone target not found
Mono: successfully reloaded assembly
- Finished resetting the current domain, in  1.128 seconds
Domain Reload Profiling: 1417ms
	BeginReloadAssembly (47ms)
		ExecutionOrderSort (0ms)
		DisableScriptedObjects (2ms)
		BackupInstance (0ms)
		ReleaseScriptingObjects (0ms)
		CreateAndSetChildDomain (10ms)
	RebuildCommonClasses (14ms)
	RebuildNativeTypeToScriptingClass (5ms)
	initialDomainReloadingComplete (10ms)
	LoadAllAssembliesAndSetupDomain (213ms)
		LoadAssemblies (155ms)
		RebuildTransferFunctionScriptingTraits (0ms)
		AnalyzeDomain (82ms)
			TypeCache.Refresh (71ms)
				TypeCache.ScanAssembly (63ms)
			ScanForSourceGeneratedMonoScriptInfo (8ms)
			ResolveRequiredComponents (2ms)
	FinalizeReload (1128ms)
		ReleaseScriptCaches (0ms)
		RebuildScriptCaches (0ms)
		SetupLoadedEditorAssemblies (1079ms)
			LogAssemblyErrors (0ms)
			InitializePlatformSupportModulesInManaged (2ms)
			SetLoadedEditorAssemblies (1ms)
			RefreshPlugins (0ms)
			BeforeProcessingInitializeOnLoad (23ms)
			ProcessInitializeOnLoadAttributes (1007ms)
			ProcessInitializeOnLoadMethodAttributes (45ms)
			AfterProcessingInitializeOnLoad (1ms)
			EditorAssembliesLoaded (0ms)
		ExecutionOrderSort2 (0ms)
		AwakeInstancesAfterBackupRestoration (1ms)
Asset Pipeline Refresh (id=3dff004dde1b44695a5caf14b9f87d65): Total: 3.361 seconds - Initiated by InitialRefreshV2(ForceSynchronousImport)
	Summary:
		Imports: total=0 (actual=0, local cache=0, cache server=0)
		Asset DB Process Time: managed=0 ms, native=1106 ms
		Asset DB Callback time: managed=93 ms, native=0 ms
		Scripting: domain reloads=1, domain reload time=1442 ms, compile time=703 ms, other=14 ms
		Project Asset Count: scripts=5356, non-scripts=1506
		Asset File Changes: new=0, changed=0, moved=0, deleted=0
		Scan Filter Count: 1
	InvokeBeforeRefreshCallbacks: 0.113ms
	ApplyChangesToAssetFolders: 0.028ms
	Scan: 211.255ms
	OnSourceAssetsModified: 0.001ms
	GetAllGuidsForCategorization: 0.236ms
	CategorizeAssets: 73.367ms
	ImportOutOfDateAssets: 1149.049ms (435.577ms without children)
		CompileScripts: 703.182ms
		ReloadNativeAssets: 0.000ms
		UnloadImportedAssets: 8.644ms
		EnsureUptoDateAssetsAreRegisteredWithGuidPM: 1.045ms
		InitializingProgressBar: 0.000ms
		OnDemandSchedulerStart: 0.601ms
	PostProcessAllAssets: 93.238ms
	GatherAllCurrentPrimaryArtifactRevisions: 0.000ms
	UnloadStreamsBegin: 0.075ms
	PersistCurrentRevisions: 0.134ms
	UnloadStreamsEnd: 0.009ms
	GenerateScriptTypeHashes: 0.274ms
	Untracked: 1833.463ms
Application.AssetDatabase Initial Refresh End
Scanning for USB devices : 0.026ms
Initializing Unity extensions:
[MODES] ModeService[none].Initialize
[MODES] ModeService[none].LoadModes
[MODES] Loading mode Default (0) for mode-current-id-HappyMatchGame
[PhysX] Initialized MultithreadedTaskDispatcher with 10 workers.
ProgressiveSceneManager::Cancel()
-- Listing OpenCL platforms(s) --
 * OpenCL platform 0
	PROFILE = FULL_PROFILE
	VERSION = OpenCL 1.2 (Oct 11 2025 00:32:14)
	NAME = Apple
	VENDOR = Apple
-- Listing OpenCL device(s) --
 * OpenCL platform 0, device 0
	DEVICE_TYPE = 4
	DEVICE_NAME = Apple M4
	DEVICE_VENDOR = Apple
	DEVICE_VERSION = OpenCL 1.2
	DRIVER_VERSION = 1.2 1.0
	DEVICE_MAX_COMPUTE_UNITS = 8
	DEVICE_MAX_CLOCK_FREQUENCY = 1000
	CL_DEVICE_MAX_CONSTANT_BUFFER_SIZE = 1073741824
	CL_DEVICE_HOST_UNIFIED_MEMORY = true
	CL_DEVICE_MAX_MEM_ALLOC_SIZE = 2383708160
	DEVICE_GLOBAL_MEM_SIZE = 12713115648
-- GPU Progressive lightmapper will use OpenCL device 'Apple M4' from 'Apple'--
   use -OpenCL-PlatformAndDeviceIndices <platformIdx> <deviceIdx> as command line arguments if you want to select a specific adapter for OpenCL.
Unloading 22 Unused Serialized files (Serialized files now loaded: 0)
Unloading 108 unused Assets / (1.2 MB). Loaded Objects now: 4933.
Memory consumption went from 140.7 MB to 139.5 MB.
Total: 2.855500 ms (FindLiveObjects: 0.103333 ms CreateObjectMapping: 0.045875 ms MarkObjects: 2.320166 ms  DeleteObjects: 0.385750 ms)

[Project] Loading completed in 12.339 seconds
	Project init time: 				4.678 seconds
		Template init time: 		0.000 seconds
		Package Manager init time: 		0.450 seconds
		Asset Database init time: 		0.179 seconds
		Global illumination init time: 	0.002 seconds
		Assemblies load time: 			0.298 seconds
		Unity extensions init time: 	0.003 seconds
		Asset Database refresh time: 	0.000 seconds
	Scene opening time: 			0.122 seconds
##utp:{"type":"ProjectInfo","version":2,"phase":"Immediate","time":1782655838700,"processId":50667,"projectLoad":12.339187625000001,"projectInit":4.678184,"templateInit":0.0,"packageManagerInit":0.450097583,"assetDatabaseInit":0.178637208,"globalIlluminationInit":0.001981,"assembliesLoad":0.29776825,"unityExtensionsInit":0.002803041,"assetDatabaseRefresh":0.0,"sceneOpening":0.122261041}
##utp:{"type":"EditorInfo","version":2,"phase":"Immediate","time":1782655838700,"processId":50667,"editorVersion":"2022.3.62f3c1 (1623fc0bbb97)","branch":"2022.3/china_unity/release","buildType":"Release","platform":"OSX"}
Running tests for EditMode
Executing tests with settings: test mode = EditMode
UnityEngine.StackTraceUtility:ExtractStackTrace () (at /Volumes/jenkins1/sharedspace/ra_2022.3/Runtime/Export/Scripting/StackTrace.cs:37)
UnityEngine.DebugLogHandler:LogFormat (UnityEngine.LogType,UnityEngine.Object,string,object[])
UnityEngine.Logger:Log (UnityEngine.LogType,object)
UnityEngine.Debug:Log (object)
UnityEditor.TestTools.TestRunner.CommandLineTest.Executer:InitializeAndExecuteRun (string[]) (at ./Library/PackageCache/com.unity.test-framework@1.1.33/UnityEditor.TestRunner/CommandLineTest/Executer.cs:47)
UnityEditor.TestTools.TestRunner.CommandLineTest.TestStarter:UpdateWatch () (at ./Library/PackageCache/com.unity.test-framework@1.1.33/UnityEditor.TestRunner/CommandLineTest/TestStarter.cs:50)
UnityEditor.EditorApplication:Internal_CallUpdateFunctions () (at /Volumes/jenkins1/sharedspace/ra_2022.3/Editor/Mono/EditorApplication.cs:380)

(Filename: ./Library/PackageCache/com.unity.test-framework@1.1.33/UnityEditor.TestRunner/CommandLineTest/Executer.cs Line: 47)

[UnityConnectServicesConfig] config is NOT valid, switching to default
Created GICache directory at /Users/dujunjin/Library/Caches/com.unity3d.UnityEditor/GiCache. Took: 0.002s, timestamps: [12.343 - 12.345]
gi::BakeBackendSwitch: switching bake backend from 3 to 2.
GfxDevice renderer is null. Unity cannot update the Ambient Probe and Reflection Probes that the SkyManager generates. Run the Editor without the -nographics argument or generate lighting for your scene.
[PhysX] Initialized MultithreadedTaskDispatcher with 10 workers.
Unloading 2 Unused Serialized files (Serialized files now loaded: 0)
Unloading 1 unused Assets / (0.5 KB). Loaded Objects now: 4948.
Memory consumption went from 130.9 MB to 130.9 MB.
Total: 3.139333 ms (FindLiveObjects: 0.079125 ms CreateObjectMapping: 0.042042 ms MarkObjects: 3.005458 ms  DeleteObjects: 0.012042 ms)

GfxDevice renderer is null. Unity cannot update the Ambient Probe and Reflection Probes that the SkyManager generates. Run the Editor without the -nographics argument or generate lighting for your scene.
DisplayProgressbar: Test Runner
[PhysX] Initialized MultithreadedTaskDispatcher with 10 workers.
Unloading 12 Unused Serialized files (Serialized files now loaded: 0)
Unloading 0 unused Assets / (21.9 KB). Loaded Objects now: 4972.
Memory consumption went from 130.6 MB to 130.6 MB.
Total: 3.282958 ms (FindLiveObjects: 0.078916 ms CreateObjectMapping: 0.043667 ms MarkObjects: 3.154458 ms  DeleteObjects: 0.005459 ms)

Saving results to: /Users/dujunjin/.config/superpowers/worktrees/HappyMatchGame/happy-match-polish/Artifacts/Acceptance/editmode-results.xml
Start importing ProjectSettings/ProjectSettings.asset using Guid(00000000000000004000000000000000) Importer(-1,00000000000000000000000000000000) [PhysX] Initialized MultithreadedTaskDispatcher with 10 workers.
 -> (artifact id: '9505721697493dccf98128389485a0ec') in 0.004070 seconds
Refreshing native plugins compatible for Editor in 1.24 ms, found 4 plugins.
Preloading 0 native plugins for Editor in 0.00 ms.
Asset Pipeline Refresh (id=e25cc1a3ae7aa4b2dafcaf2cdea7e699): Total: 0.039 seconds - Initiated by StopAssetImportingV2(NoUpdateAssetOptions)
Thread 0x172947000 may have been prematurely finalized
[PhysX] Initialized MultithreadedTaskDispatcher with 10 workers.
Input System module state changed to: ShutdownInProgress.
Input System polling thread exited.
Input System module state changed to: Shutdown.
[Licensing::IpcConnector] LicenseClient-dujunjin-2022.3.62-notifications channel disconnected successfully.
[Licensing::IpcConnector] LicenseClient-dujunjin-2022.3.62 channel disconnected successfully.
Thread 0x16b703000 may have been prematurely finalized
[40m[32minfo[39m[22m[49m: Microsoft.Hosting.Lifetime[0]
      Application is shutting down...
[40m[32minfo[39m[22m[49m: Unity.ILPP.Runner.PostProcessingAssemblyLoadContext[0]
      ALC ILPP context 1 is unloading
